{"W:\\projects\\lib\\global.d.ts": {"path":"W:\\projects\\lib\\global.d.ts","all":true,"statementMap":{},"s":{},"branchMap":{"0":{"type":"branch","line":1,"loc":{"start":{"line":1,"column":45},"end":{"line":1,"column":45}},"locations":[{"start":{"line":1,"column":45},"end":{"line":1,"column":45}}]}},"b":{"0":[1]},"fnMap":{"0":{"name":"(empty-report)","decl":{"start":{"line":1,"column":45},"end":{"line":1,"column":45}},"loc":{"start":{"line":1,"column":45},"end":{"line":1,"column":45}},"line":1}},"f":{"0":1}}
,"W:\\projects\\lib\\src\\index.ts": {"path":"W:\\projects\\lib\\src\\index.ts","all":false,"statementMap":{"0":{"start":{"line":1,"column":0},"end":{"line":1,"column":35}}},"s":{"0":1},"branchMap":{},"b":{},"fnMap":{},"f":{}}
,"W:\\projects\\lib\\src\\vite-env.d.ts": {"path":"W:\\projects\\lib\\src\\vite-env.d.ts","all":true,"statementMap":{},"s":{},"branchMap":{"0":{"type":"branch","line":1,"loc":{"start":{"line":1,"column":37},"end":{"line":1,"column":37}},"locations":[{"start":{"line":1,"column":37},"end":{"line":1,"column":37}}]}},"b":{"0":[1]},"fnMap":{"0":{"name":"(empty-report)","decl":{"start":{"line":1,"column":37},"end":{"line":1,"column":37}},"loc":{"start":{"line":1,"column":37},"end":{"line":1,"column":37}},"line":1}},"f":{"0":1}}
,"W:\\projects\\lib\\src\\scripts\\_lib.ts": {"path":"W:\\projects\\lib\\src\\scripts\\_lib.ts","all":false,"statementMap":{"199":{"start":{"line":200,"column":0},"end":{"line":200,"column":18}},"200":{"start":{"line":201,"column":0},"end":{"line":201,"column":41}},"201":{"start":{"line":202,"column":0},"end":{"line":202,"column":31}},"202":{"start":{"line":203,"column":0},"end":{"line":203,"column":17}},"203":{"start":{"line":204,"column":0},"end":{"line":204,"column":39}},"205":{"start":{"line":206,"column":0},"end":{"line":206,"column":45}},"206":{"start":{"line":207,"column":0},"end":{"line":207,"column":56}},"207":{"start":{"line":208,"column":0},"end":{"line":208,"column":9}},"208":{"start":{"line":209,"column":0},"end":{"line":209,"column":71}},"209":{"start":{"line":210,"column":0},"end":{"line":210,"column":2}},"211":{"start":{"line":212,"column":0},"end":{"line":212,"column":25}},"212":{"start":{"line":213,"column":0},"end":{"line":213,"column":42}},"213":{"start":{"line":214,"column":0},"end":{"line":214,"column":2}},"215":{"start":{"line":216,"column":0},"end":{"line":216,"column":29}},"216":{"start":{"line":217,"column":0},"end":{"line":217,"column":62}},"217":{"start":{"line":218,"column":0},"end":{"line":218,"column":66}},"218":{"start":{"line":219,"column":0},"end":{"line":219,"column":18}},"219":{"start":{"line":220,"column":0},"end":{"line":220,"column":4}},"220":{"start":{"line":221,"column":0},"end":{"line":221,"column":63}},"221":{"start":{"line":222,"column":0},"end":{"line":222,"column":69}},"222":{"start":{"line":223,"column":0},"end":{"line":223,"column":18}},"223":{"start":{"line":224,"column":0},"end":{"line":224,"column":4}},"224":{"start":{"line":225,"column":0},"end":{"line":225,"column":42}},"225":{"start":{"line":226,"column":0},"end":{"line":226,"column":57}},"226":{"start":{"line":227,"column":0},"end":{"line":227,"column":18}},"227":{"start":{"line":228,"column":0},"end":{"line":228,"column":4}},"228":{"start":{"line":229,"column":0},"end":{"line":229,"column":45}},"229":{"start":{"line":230,"column":0},"end":{"line":230,"column":60}},"230":{"start":{"line":231,"column":0},"end":{"line":231,"column":18}},"231":{"start":{"line":232,"column":0},"end":{"line":232,"column":4}},"232":{"start":{"line":233,"column":0},"end":{"line":233,"column":40}},"233":{"start":{"line":234,"column":0},"end":{"line":234,"column":78}},"234":{"start":{"line":235,"column":0},"end":{"line":235,"column":4}},"235":{"start":{"line":236,"column":0},"end":{"line":236,"column":21}},"236":{"start":{"line":237,"column":0},"end":{"line":237,"column":29}},"237":{"start":{"line":238,"column":0},"end":{"line":238,"column":30}},"238":{"start":{"line":239,"column":0},"end":{"line":239,"column":6}},"239":{"start":{"line":240,"column":0},"end":{"line":240,"column":18}},"240":{"start":{"line":241,"column":0},"end":{"line":241,"column":4}},"241":{"start":{"line":242,"column":0},"end":{"line":242,"column":21}},"242":{"start":{"line":243,"column":0},"end":{"line":243,"column":29}},"243":{"start":{"line":244,"column":0},"end":{"line":244,"column":26}},"244":{"start":{"line":245,"column":0},"end":{"line":245,"column":6}},"245":{"start":{"line":246,"column":0},"end":{"line":246,"column":18}},"246":{"start":{"line":247,"column":0},"end":{"line":247,"column":4}},"247":{"start":{"line":248,"column":0},"end":{"line":248,"column":34}},"248":{"start":{"line":249,"column":0},"end":{"line":249,"column":19}},"249":{"start":{"line":250,"column":0},"end":{"line":250,"column":4}},"250":{"start":{"line":251,"column":0},"end":{"line":251,"column":10}},"251":{"start":{"line":252,"column":0},"end":{"line":252,"column":59}},"252":{"start":{"line":253,"column":0},"end":{"line":253,"column":46}},"253":{"start":{"line":254,"column":0},"end":{"line":254,"column":16}},"254":{"start":{"line":255,"column":0},"end":{"line":255,"column":60}},"255":{"start":{"line":256,"column":0},"end":{"line":256,"column":18}},"256":{"start":{"line":257,"column":0},"end":{"line":257,"column":4}},"257":{"start":{"line":258,"column":0},"end":{"line":258,"column":56}},"258":{"start":{"line":259,"column":0},"end":{"line":259,"column":61}},"259":{"start":{"line":260,"column":0},"end":{"line":260,"column":18}},"260":{"start":{"line":261,"column":0},"end":{"line":261,"column":4}},"261":{"start":{"line":262,"column":0},"end":{"line":262,"column":64}},"262":{"start":{"line":263,"column":0},"end":{"line":263,"column":29}},"263":{"start":{"line":264,"column":0},"end":{"line":264,"column":58}},"264":{"start":{"line":265,"column":0},"end":{"line":265,"column":33}},"265":{"start":{"line":266,"column":0},"end":{"line":266,"column":7}},"266":{"start":{"line":267,"column":0},"end":{"line":267,"column":6}},"267":{"start":{"line":268,"column":0},"end":{"line":268,"column":18}},"268":{"start":{"line":269,"column":0},"end":{"line":269,"column":4}},"269":{"start":{"line":270,"column":0},"end":{"line":270,"column":56}},"270":{"start":{"line":271,"column":0},"end":{"line":271,"column":58}},"271":{"start":{"line":272,"column":0},"end":{"line":272,"column":4}},"272":{"start":{"line":273,"column":0},"end":{"line":273,"column":44}},"273":{"start":{"line":274,"column":0},"end":{"line":274,"column":72}},"274":{"start":{"line":275,"column":0},"end":{"line":275,"column":4}},"275":{"start":{"line":276,"column":0},"end":{"line":276,"column":53}},"276":{"start":{"line":277,"column":0},"end":{"line":277,"column":29}},"277":{"start":{"line":278,"column":0},"end":{"line":278,"column":59}},"278":{"start":{"line":279,"column":0},"end":{"line":279,"column":6}},"279":{"start":{"line":280,"column":0},"end":{"line":280,"column":18}},"280":{"start":{"line":281,"column":0},"end":{"line":281,"column":4}},"281":{"start":{"line":282,"column":0},"end":{"line":282,"column":36}},"282":{"start":{"line":283,"column":0},"end":{"line":283,"column":29}},"283":{"start":{"line":284,"column":0},"end":{"line":284,"column":26}},"284":{"start":{"line":285,"column":0},"end":{"line":285,"column":6}},"285":{"start":{"line":286,"column":0},"end":{"line":286,"column":18}},"286":{"start":{"line":287,"column":0},"end":{"line":287,"column":4}},"287":{"start":{"line":288,"column":0},"end":{"line":288,"column":36}},"288":{"start":{"line":289,"column":0},"end":{"line":289,"column":29}},"289":{"start":{"line":290,"column":0},"end":{"line":290,"column":24}},"290":{"start":{"line":291,"column":0},"end":{"line":291,"column":6}},"291":{"start":{"line":292,"column":0},"end":{"line":292,"column":18}},"292":{"start":{"line":293,"column":0},"end":{"line":293,"column":4}},"293":{"start":{"line":294,"column":0},"end":{"line":294,"column":45}},"294":{"start":{"line":295,"column":0},"end":{"line":295,"column":60}},"295":{"start":{"line":296,"column":0},"end":{"line":296,"column":18}},"296":{"start":{"line":297,"column":0},"end":{"line":297,"column":4}},"297":{"start":{"line":298,"column":0},"end":{"line":298,"column":39}},"298":{"start":{"line":299,"column":0},"end":{"line":299,"column":29}},"299":{"start":{"line":300,"column":0},"end":{"line":300,"column":50}},"300":{"start":{"line":301,"column":0},"end":{"line":301,"column":27}},"301":{"start":{"line":302,"column":0},"end":{"line":302,"column":6}},"302":{"start":{"line":303,"column":0},"end":{"line":303,"column":18}},"303":{"start":{"line":304,"column":0},"end":{"line":304,"column":4}},"304":{"start":{"line":305,"column":0},"end":{"line":305,"column":40}},"305":{"start":{"line":306,"column":0},"end":{"line":306,"column":29}},"306":{"start":{"line":307,"column":0},"end":{"line":307,"column":50}},"307":{"start":{"line":308,"column":0},"end":{"line":308,"column":27}},"308":{"start":{"line":309,"column":0},"end":{"line":309,"column":6}},"309":{"start":{"line":310,"column":0},"end":{"line":310,"column":18}},"310":{"start":{"line":311,"column":0},"end":{"line":311,"column":4}},"311":{"start":{"line":312,"column":0},"end":{"line":312,"column":35}},"312":{"start":{"line":313,"column":0},"end":{"line":313,"column":29}},"313":{"start":{"line":314,"column":0},"end":{"line":314,"column":45}},"314":{"start":{"line":315,"column":0},"end":{"line":315,"column":6}},"315":{"start":{"line":316,"column":0},"end":{"line":316,"column":18}},"316":{"start":{"line":317,"column":0},"end":{"line":317,"column":4}},"317":{"start":{"line":318,"column":0},"end":{"line":318,"column":36}},"318":{"start":{"line":319,"column":0},"end":{"line":319,"column":29}},"319":{"start":{"line":320,"column":0},"end":{"line":320,"column":46}},"320":{"start":{"line":321,"column":0},"end":{"line":321,"column":6}},"321":{"start":{"line":322,"column":0},"end":{"line":322,"column":18}},"322":{"start":{"line":323,"column":0},"end":{"line":323,"column":4}},"323":{"start":{"line":324,"column":0},"end":{"line":324,"column":23}},"324":{"start":{"line":325,"column":0},"end":{"line":325,"column":29}},"325":{"start":{"line":326,"column":0},"end":{"line":326,"column":35}},"326":{"start":{"line":327,"column":0},"end":{"line":327,"column":6}},"327":{"start":{"line":328,"column":0},"end":{"line":328,"column":18}},"328":{"start":{"line":329,"column":0},"end":{"line":329,"column":4}},"329":{"start":{"line":330,"column":0},"end":{"line":330,"column":29}},"330":{"start":{"line":331,"column":0},"end":{"line":331,"column":29}},"331":{"start":{"line":332,"column":0},"end":{"line":332,"column":52}},"332":{"start":{"line":333,"column":0},"end":{"line":333,"column":55}},"333":{"start":{"line":334,"column":0},"end":{"line":334,"column":6}},"334":{"start":{"line":335,"column":0},"end":{"line":335,"column":18}},"335":{"start":{"line":336,"column":0},"end":{"line":336,"column":4}},"336":{"start":{"line":337,"column":0},"end":{"line":337,"column":3}},"338":{"start":{"line":339,"column":0},"end":{"line":339,"column":16}},"339":{"start":{"line":340,"column":0},"end":{"line":340,"column":2}}},"s":{"199":1,"200":14,"201":14,"202":14,"203":14,"205":14,"206":13,"207":14,"208":1,"209":1,"211":14,"212":1,"213":1,"215":14,"216":14,"217":1,"218":1,"219":1,"220":14,"221":1,"222":1,"223":1,"224":14,"225":2,"226":2,"227":2,"228":14,"229":1,"230":1,"231":1,"232":14,"233":4,"234":4,"235":14,"236":1,"237":1,"238":1,"239":1,"240":1,"241":14,"242":1,"243":1,"244":1,"245":1,"246":1,"247":14,"248":15,"249":15,"250":14,"251":1,"252":1,"253":1,"254":1,"255":1,"256":1,"257":14,"258":2,"259":2,"260":2,"261":14,"262":2,"263":2,"264":3,"265":2,"266":2,"267":2,"268":2,"269":14,"270":2,"271":2,"272":14,"273":3,"274":3,"275":14,"276":1,"277":1,"278":1,"279":1,"280":1,"281":14,"282":2,"283":2,"284":2,"285":2,"286":2,"287":14,"288":1,"289":1,"290":1,"291":1,"292":1,"293":14,"294":2,"295":2,"296":2,"297":14,"298":1,"299":1,"300":1,"301":1,"302":1,"303":1,"304":14,"305":1,"306":1,"307":1,"308":1,"309":1,"310":1,"311":14,"312":1,"313":1,"314":1,"315":1,"316":1,"317":14,"318":1,"319":1,"320":1,"321":1,"322":1,"323":14,"324":1,"325":1,"326":1,"327":1,"328":1,"329":14,"330":1,"331":1,"332":1,"333":1,"334":1,"335":1,"336":14,"338":14,"339":14},"branchMap":{"0":{"type":"branch","line":200,"loc":{"start":{"line":200,"column":17},"end":{"line":340,"column":2}},"locations":[{"start":{"line":200,"column":17},"end":{"line":340,"column":2}}]},"1":{"type":"branch","line":206,"loc":{"start":{"line":206,"column":44},"end":{"line":208,"column":8}},"locations":[{"start":{"line":206,"column":44},"end":{"line":208,"column":8}}]},"2":{"type":"branch","line":208,"loc":{"start":{"line":208,"column":1},"end":{"line":210,"column":2}},"locations":[{"start":{"line":208,"column":1},"end":{"line":210,"column":2}}]},"3":{"type":"branch","line":212,"loc":{"start":{"line":212,"column":24},"end":{"line":214,"column":2}},"locations":[{"start":{"line":212,"column":24},"end":{"line":214,"column":2}}]},"4":{"type":"branch","line":217,"loc":{"start":{"line":217,"column":2},"end":{"line":220,"column":4}},"locations":[{"start":{"line":217,"column":2},"end":{"line":220,"column":4}}]},"5":{"type":"branch","line":218,"loc":{"start":{"line":218,"column":20},"end":{"line":218,"column":64}},"locations":[{"start":{"line":218,"column":20},"end":{"line":218,"column":64}}]},"6":{"type":"branch","line":221,"loc":{"start":{"line":221,"column":2},"end":{"line":224,"column":4}},"locations":[{"start":{"line":221,"column":2},"end":{"line":224,"column":4}}]},"7":{"type":"branch","line":222,"loc":{"start":{"line":222,"column":20},"end":{"line":222,"column":67}},"locations":[{"start":{"line":222,"column":20},"end":{"line":222,"column":67}}]},"8":{"type":"branch","line":225,"loc":{"start":{"line":225,"column":2},"end":{"line":228,"column":4}},"locations":[{"start":{"line":225,"column":2},"end":{"line":228,"column":4}}]},"9":{"type":"branch","line":226,"loc":{"start":{"line":226,"column":20},"end":{"line":226,"column":55}},"locations":[{"start":{"line":226,"column":20},"end":{"line":226,"column":55}}]},"10":{"type":"branch","line":229,"loc":{"start":{"line":229,"column":2},"end":{"line":232,"column":4}},"locations":[{"start":{"line":229,"column":2},"end":{"line":232,"column":4}}]},"11":{"type":"branch","line":230,"loc":{"start":{"line":230,"column":20},"end":{"line":230,"column":58}},"locations":[{"start":{"line":230,"column":20},"end":{"line":230,"column":58}}]},"12":{"type":"branch","line":233,"loc":{"start":{"line":233,"column":2},"end":{"line":235,"column":4}},"locations":[{"start":{"line":233,"column":2},"end":{"line":235,"column":4}}]},"13":{"type":"branch","line":234,"loc":{"start":{"line":234,"column":36},"end":{"line":234,"column":76}},"locations":[{"start":{"line":234,"column":36},"end":{"line":234,"column":76}}]},"14":{"type":"branch","line":236,"loc":{"start":{"line":236,"column":2},"end":{"line":241,"column":4}},"locations":[{"start":{"line":236,"column":2},"end":{"line":241,"column":4}}]},"15":{"type":"branch","line":237,"loc":{"start":{"line":237,"column":20},"end":{"line":239,"column":4}},"locations":[{"start":{"line":237,"column":20},"end":{"line":239,"column":4}}]},"16":{"type":"branch","line":242,"loc":{"start":{"line":242,"column":2},"end":{"line":247,"column":4}},"locations":[{"start":{"line":242,"column":2},"end":{"line":247,"column":4}}]},"17":{"type":"branch","line":243,"loc":{"start":{"line":243,"column":20},"end":{"line":245,"column":4}},"locations":[{"start":{"line":243,"column":20},"end":{"line":245,"column":4}}]},"18":{"type":"branch","line":248,"loc":{"start":{"line":248,"column":2},"end":{"line":250,"column":4}},"locations":[{"start":{"line":248,"column":2},"end":{"line":250,"column":4}}]},"19":{"type":"branch","line":251,"loc":{"start":{"line":251,"column":2},"end":{"line":257,"column":4}},"locations":[{"start":{"line":251,"column":2},"end":{"line":257,"column":4}}]},"20":{"type":"branch","line":255,"loc":{"start":{"line":255,"column":20},"end":{"line":255,"column":58}},"locations":[{"start":{"line":255,"column":20},"end":{"line":255,"column":58}}]},"21":{"type":"branch","line":258,"loc":{"start":{"line":258,"column":2},"end":{"line":261,"column":4}},"locations":[{"start":{"line":258,"column":2},"end":{"line":261,"column":4}}]},"22":{"type":"branch","line":259,"loc":{"start":{"line":259,"column":20},"end":{"line":259,"column":59}},"locations":[{"start":{"line":259,"column":20},"end":{"line":259,"column":59}}]},"23":{"type":"branch","line":262,"loc":{"start":{"line":262,"column":2},"end":{"line":269,"column":4}},"locations":[{"start":{"line":262,"column":2},"end":{"line":269,"column":4}}]},"24":{"type":"branch","line":263,"loc":{"start":{"line":263,"column":20},"end":{"line":267,"column":4}},"locations":[{"start":{"line":263,"column":20},"end":{"line":267,"column":4}}]},"25":{"type":"branch","line":264,"loc":{"start":{"line":264,"column":39},"end":{"line":266,"column":5}},"locations":[{"start":{"line":264,"column":39},"end":{"line":266,"column":5}}]},"26":{"type":"branch","line":270,"loc":{"start":{"line":270,"column":2},"end":{"line":272,"column":4}},"locations":[{"start":{"line":270,"column":2},"end":{"line":272,"column":4}}]},"27":{"type":"branch","line":271,"loc":{"start":{"line":271,"column":47},"end":{"line":271,"column":58}},"locations":[{"start":{"line":271,"column":47},"end":{"line":271,"column":58}}]},"28":{"type":"branch","line":273,"loc":{"start":{"line":273,"column":2},"end":{"line":275,"column":4}},"locations":[{"start":{"line":273,"column":2},"end":{"line":275,"column":4}}]},"29":{"type":"branch","line":274,"loc":{"start":{"line":274,"column":36},"end":{"line":274,"column":70}},"locations":[{"start":{"line":274,"column":36},"end":{"line":274,"column":70}}]},"30":{"type":"branch","line":276,"loc":{"start":{"line":276,"column":2},"end":{"line":281,"column":4}},"locations":[{"start":{"line":276,"column":2},"end":{"line":281,"column":4}}]},"31":{"type":"branch","line":277,"loc":{"start":{"line":277,"column":20},"end":{"line":279,"column":4}},"locations":[{"start":{"line":277,"column":20},"end":{"line":279,"column":4}}]},"32":{"type":"branch","line":278,"loc":{"start":{"line":278,"column":23},"end":{"line":278,"column":57}},"locations":[{"start":{"line":278,"column":23},"end":{"line":278,"column":57}}]},"33":{"type":"branch","line":282,"loc":{"start":{"line":282,"column":2},"end":{"line":287,"column":4}},"locations":[{"start":{"line":282,"column":2},"end":{"line":287,"column":4}}]},"34":{"type":"branch","line":283,"loc":{"start":{"line":283,"column":20},"end":{"line":285,"column":4}},"locations":[{"start":{"line":283,"column":20},"end":{"line":285,"column":4}}]},"35":{"type":"branch","line":288,"loc":{"start":{"line":288,"column":2},"end":{"line":293,"column":4}},"locations":[{"start":{"line":288,"column":2},"end":{"line":293,"column":4}}]},"36":{"type":"branch","line":289,"loc":{"start":{"line":289,"column":20},"end":{"line":291,"column":4}},"locations":[{"start":{"line":289,"column":20},"end":{"line":291,"column":4}}]},"37":{"type":"branch","line":294,"loc":{"start":{"line":294,"column":2},"end":{"line":297,"column":4}},"locations":[{"start":{"line":294,"column":2},"end":{"line":297,"column":4}}]},"38":{"type":"branch","line":295,"loc":{"start":{"line":295,"column":20},"end":{"line":295,"column":58}},"locations":[{"start":{"line":295,"column":20},"end":{"line":295,"column":58}}]},"39":{"type":"branch","line":298,"loc":{"start":{"line":298,"column":2},"end":{"line":304,"column":4}},"locations":[{"start":{"line":298,"column":2},"end":{"line":304,"column":4}}]},"40":{"type":"branch","line":299,"loc":{"start":{"line":299,"column":20},"end":{"line":302,"column":4}},"locations":[{"start":{"line":299,"column":20},"end":{"line":302,"column":4}}]},"41":{"type":"branch","line":305,"loc":{"start":{"line":305,"column":2},"end":{"line":311,"column":4}},"locations":[{"start":{"line":305,"column":2},"end":{"line":311,"column":4}}]},"42":{"type":"branch","line":306,"loc":{"start":{"line":306,"column":20},"end":{"line":309,"column":4}},"locations":[{"start":{"line":306,"column":20},"end":{"line":309,"column":4}}]},"43":{"type":"branch","line":312,"loc":{"start":{"line":312,"column":2},"end":{"line":317,"column":4}},"locations":[{"start":{"line":312,"column":2},"end":{"line":317,"column":4}}]},"44":{"type":"branch","line":313,"loc":{"start":{"line":313,"column":20},"end":{"line":315,"column":4}},"locations":[{"start":{"line":313,"column":20},"end":{"line":315,"column":4}}]},"45":{"type":"branch","line":318,"loc":{"start":{"line":318,"column":2},"end":{"line":323,"column":4}},"locations":[{"start":{"line":318,"column":2},"end":{"line":323,"column":4}}]},"46":{"type":"branch","line":319,"loc":{"start":{"line":319,"column":20},"end":{"line":321,"column":4}},"locations":[{"start":{"line":319,"column":20},"end":{"line":321,"column":4}}]},"47":{"type":"branch","line":324,"loc":{"start":{"line":324,"column":2},"end":{"line":329,"column":4}},"locations":[{"start":{"line":324,"column":2},"end":{"line":329,"column":4}}]},"48":{"type":"branch","line":325,"loc":{"start":{"line":325,"column":20},"end":{"line":327,"column":4}},"locations":[{"start":{"line":325,"column":20},"end":{"line":327,"column":4}}]},"49":{"type":"branch","line":330,"loc":{"start":{"line":330,"column":2},"end":{"line":336,"column":4}},"locations":[{"start":{"line":330,"column":2},"end":{"line":336,"column":4}}]},"50":{"type":"branch","line":331,"loc":{"start":{"line":331,"column":20},"end":{"line":334,"column":4}},"locations":[{"start":{"line":331,"column":20},"end":{"line":334,"column":4}}]}},"b":{"0":[14],"1":[13],"2":[1],"3":[1],"4":[1],"5":[1],"6":[1],"7":[1],"8":[2],"9":[2],"10":[1],"11":[1],"12":[4],"13":[4],"14":[1],"15":[1],"16":[1],"17":[1],"18":[15],"19":[1],"20":[1],"21":[2],"22":[2],"23":[2],"24":[2],"25":[3],"26":[2],"27":[1],"28":[3],"29":[3],"30":[1],"31":[1],"32":[1],"33":[2],"34":[2],"35":[1],"36":[1],"37":[2],"38":[2],"39":[1],"40":[1],"41":[1],"42":[1],"43":[1],"44":[1],"45":[1],"46":[1],"47":[1],"48":[1],"49":[1],"50":[1]},"fnMap":{"0":{"name":"$","decl":{"start":{"line":200,"column":17},"end":{"line":340,"column":2}},"loc":{"start":{"line":200,"column":17},"end":{"line":340,"column":2}},"line":200},"1":{"name":"on","decl":{"start":{"line":217,"column":2},"end":{"line":220,"column":4}},"loc":{"start":{"line":217,"column":2},"end":{"line":220,"column":4}},"line":217},"2":{"name":"off","decl":{"start":{"line":221,"column":2},"end":{"line":224,"column":4}},"loc":{"start":{"line":221,"column":2},"end":{"line":224,"column":4}},"line":221},"3":{"name":"addClass","decl":{"start":{"line":225,"column":2},"end":{"line":228,"column":4}},"loc":{"start":{"line":225,"column":2},"end":{"line":228,"column":4}},"line":225},"4":{"name":"removeClass","decl":{"start":{"line":229,"column":2},"end":{"line":232,"column":4}},"loc":{"start":{"line":229,"column":2},"end":{"line":232,"column":4}},"line":229},"5":{"name":"hasClass","decl":{"start":{"line":233,"column":2},"end":{"line":235,"column":4}},"loc":{"start":{"line":233,"column":2},"end":{"line":235,"column":4}},"line":233},"6":{"name":"hide","decl":{"start":{"line":236,"column":2},"end":{"line":241,"column":4}},"loc":{"start":{"line":236,"column":2},"end":{"line":241,"column":4}},"line":236},"7":{"name":"show","decl":{"start":{"line":242,"column":2},"end":{"line":247,"column":4}},"loc":{"start":{"line":242,"column":2},"end":{"line":247,"column":4}},"line":242},"8":{"name":"get","decl":{"start":{"line":248,"column":2},"end":{"line":250,"column":4}},"loc":{"start":{"line":248,"column":2},"end":{"line":250,"column":4}},"line":248},"9":{"name":"animate","decl":{"start":{"line":251,"column":2},"end":{"line":257,"column":4}},"loc":{"start":{"line":251,"column":2},"end":{"line":257,"column":4}},"line":251},"10":{"name":"css","decl":{"start":{"line":258,"column":2},"end":{"line":261,"column":4}},"loc":{"start":{"line":258,"column":2},"end":{"line":261,"column":4}},"line":258},"11":{"name":"setAttributes","decl":{"start":{"line":262,"column":2},"end":{"line":269,"column":4}},"loc":{"start":{"line":262,"column":2},"end":{"line":269,"column":4}},"line":262},"12":{"name":"getAttribute","decl":{"start":{"line":270,"column":2},"end":{"line":272,"column":4}},"loc":{"start":{"line":270,"column":2},"end":{"line":272,"column":4}},"line":270},"13":{"name":"hasAttribute","decl":{"start":{"line":273,"column":2},"end":{"line":275,"column":4}},"loc":{"start":{"line":273,"column":2},"end":{"line":275,"column":4}},"line":273},"14":{"name":"removeAttributes","decl":{"start":{"line":276,"column":2},"end":{"line":281,"column":4}},"loc":{"start":{"line":276,"column":2},"end":{"line":281,"column":4}},"line":276},"15":{"name":"setText","decl":{"start":{"line":282,"column":2},"end":{"line":287,"column":4}},"loc":{"start":{"line":282,"column":2},"end":{"line":287,"column":4}},"line":282},"16":{"name":"setHTML","decl":{"start":{"line":288,"column":2},"end":{"line":293,"column":4}},"loc":{"start":{"line":288,"column":2},"end":{"line":293,"column":4}},"line":288},"17":{"name":"toggleClass","decl":{"start":{"line":294,"column":2},"end":{"line":297,"column":4}},"loc":{"start":{"line":294,"column":2},"end":{"line":297,"column":4}},"line":294},"18":{"name":"fadeIn","decl":{"start":{"line":298,"column":2},"end":{"line":304,"column":4}},"loc":{"start":{"line":298,"column":2},"end":{"line":304,"column":4}},"line":298},"19":{"name":"fadeOut","decl":{"start":{"line":305,"column":2},"end":{"line":311,"column":4}},"loc":{"start":{"line":305,"column":2},"end":{"line":311,"column":4}},"line":305},"20":{"name":"append","decl":{"start":{"line":312,"column":2},"end":{"line":317,"column":4}},"loc":{"start":{"line":312,"column":2},"end":{"line":317,"column":4}},"line":312},"21":{"name":"prepend","decl":{"start":{"line":318,"column":2},"end":{"line":323,"column":4}},"loc":{"start":{"line":318,"column":2},"end":{"line":323,"column":4}},"line":318},"22":{"name":"remove","decl":{"start":{"line":324,"column":2},"end":{"line":329,"column":4}},"loc":{"start":{"line":324,"column":2},"end":{"line":329,"column":4}},"line":324},"23":{"name":"cloneElement","decl":{"start":{"line":330,"column":2},"end":{"line":336,"column":4}},"loc":{"start":{"line":330,"column":2},"end":{"line":336,"column":4}},"line":330}},"f":{"0":14,"1":1,"2":1,"3":2,"4":1,"5":4,"6":1,"7":1,"8":15,"9":1,"10":2,"11":2,"12":2,"13":3,"14":1,"15":2,"16":1,"17":2,"18":1,"19":1,"20":1,"21":1,"22":1,"23":1}}
,"W:\\projects\\lib\\src\\scripts\\eventBroker.ts": {"path":"W:\\projects\\lib\\src\\scripts\\eventBroker.ts","all":false,"statementMap":{"9":{"start":{"line":10,"column":0},"end":{"line":10,"column":47}},"10":{"start":{"line":11,"column":0},"end":{"line":11,"column":26}},"11":{"start":{"line":12,"column":0},"end":{"line":12,"column":13}},"12":{"start":{"line":13,"column":0},"end":{"line":13,"column":43}},"13":{"start":{"line":14,"column":0},"end":{"line":14,"column":3}},"14":{"start":{"line":15,"column":0},"end":{"line":15,"column":11}},"15":{"start":{"line":16,"column":0},"end":{"line":16,"column":37}},"16":{"start":{"line":17,"column":0},"end":{"line":17,"column":22}},"17":{"start":{"line":18,"column":0},"end":{"line":18,"column":3}},"18":{"start":{"line":19,"column":0},"end":{"line":19,"column":12}},"19":{"start":{"line":20,"column":0},"end":{"line":20,"column":60}},"21":{"start":{"line":22,"column":0},"end":{"line":22,"column":62}},"22":{"start":{"line":23,"column":0},"end":{"line":23,"column":15}},"23":{"start":{"line":24,"column":0},"end":{"line":24,"column":28}},"24":{"start":{"line":25,"column":0},"end":{"line":25,"column":52}},"25":{"start":{"line":26,"column":0},"end":{"line":26,"column":3}},"26":{"start":{"line":27,"column":0},"end":{"line":27,"column":3}},"27":{"start":{"line":28,"column":0},"end":{"line":28,"column":3}},"29":{"start":{"line":30,"column":0},"end":{"line":30,"column":33}}},"s":{"9":1,"10":4,"11":4,"12":3,"13":3,"14":4,"15":4,"16":4,"17":4,"18":4,"19":1,"21":1,"22":1,"23":1,"24":1,"25":1,"26":1,"27":4,"29":1},"branchMap":{"0":{"type":"branch","line":10,"loc":{"start":{"line":10,"column":26},"end":{"line":28,"column":3}},"locations":[{"start":{"line":10,"column":26},"end":{"line":28,"column":3}}]},"1":{"type":"branch","line":12,"loc":{"start":{"line":12,"column":1},"end":{"line":14,"column":3}},"locations":[{"start":{"line":12,"column":1},"end":{"line":14,"column":3}}]},"2":{"type":"branch","line":13,"loc":{"start":{"line":13,"column":13},"end":{"line":13,"column":22}},"locations":[{"start":{"line":13,"column":13},"end":{"line":13,"column":22}}]},"3":{"type":"branch","line":13,"loc":{"start":{"line":13,"column":30},"end":{"line":13,"column":41}},"locations":[{"start":{"line":13,"column":30},"end":{"line":13,"column":41}}]},"4":{"type":"branch","line":15,"loc":{"start":{"line":15,"column":1},"end":{"line":18,"column":3}},"locations":[{"start":{"line":15,"column":1},"end":{"line":18,"column":3}}]},"5":{"type":"branch","line":16,"loc":{"start":{"line":16,"column":20},"end":{"line":16,"column":37}},"locations":[{"start":{"line":16,"column":20},"end":{"line":16,"column":37}}]},"6":{"type":"branch","line":19,"loc":{"start":{"line":19,"column":1},"end":{"line":27,"column":3}},"locations":[{"start":{"line":19,"column":1},"end":{"line":27,"column":3}}]},"7":{"type":"branch","line":20,"loc":{"start":{"line":20,"column":20},"end":{"line":20,"column":60}},"locations":[{"start":{"line":20,"column":20},"end":{"line":20,"column":60}}]},"8":{"type":"branch","line":22,"loc":{"start":{"line":22,"column":34},"end":{"line":22,"column":60}},"locations":[{"start":{"line":22,"column":34},"end":{"line":22,"column":60}}]}},"b":{"0":[4],"1":[3],"2":[1],"3":[3],"4":[4],"5":[3],"6":[1],"7":[0],"8":[1]},"fnMap":{"0":{"name":"createEventBroker","decl":{"start":{"line":10,"column":26},"end":{"line":28,"column":3}},"loc":{"start":{"line":10,"column":26},"end":{"line":28,"column":3}},"line":10},"1":{"name":"emit","decl":{"start":{"line":12,"column":1},"end":{"line":14,"column":3}},"loc":{"start":{"line":12,"column":1},"end":{"line":14,"column":3}},"line":12},"2":{"name":"on","decl":{"start":{"line":15,"column":1},"end":{"line":18,"column":3}},"loc":{"start":{"line":15,"column":1},"end":{"line":18,"column":3}},"line":15},"3":{"name":"off","decl":{"start":{"line":19,"column":1},"end":{"line":27,"column":3}},"loc":{"start":{"line":19,"column":1},"end":{"line":27,"column":3}},"line":19}},"f":{"0":4,"1":3,"2":4,"3":1}}
,"W:\\projects\\lib\\src\\scripts\\index.ts": {"path":"W:\\projects\\lib\\src\\scripts\\index.ts","all":true,"statementMap":{"0":{"start":{"line":1,"column":0},"end":{"line":1,"column":27}}},"s":{"0":0},"branchMap":{"0":{"type":"branch","line":1,"loc":{"start":{"line":1,"column":168},"end":{"line":5,"column":49}},"locations":[{"start":{"line":1,"column":168},"end":{"line":5,"column":49}}]}},"b":{"0":[0]},"fnMap":{"0":{"name":"(empty-report)","decl":{"start":{"line":1,"column":168},"end":{"line":5,"column":49}},"loc":{"start":{"line":1,"column":168},"end":{"line":5,"column":49}},"line":1}},"f":{"0":0}}
,"W:\\projects\\lib\\src\\scripts\\utils.ts": {"path":"W:\\projects\\lib\\src\\scripts\\utils.ts","all":false,"statementMap":{"7":{"start":{"line":8,"column":0},"end":{"line":8,"column":71}},"8":{"start":{"line":9,"column":0},"end":{"line":9,"column":13}},"9":{"start":{"line":10,"column":0},"end":{"line":10,"column":9}},"10":{"start":{"line":11,"column":0},"end":{"line":11,"column":22}},"11":{"start":{"line":12,"column":0},"end":{"line":12,"column":49}},"12":{"start":{"line":13,"column":0},"end":{"line":13,"column":20}},"13":{"start":{"line":14,"column":0},"end":{"line":14,"column":36}},"14":{"start":{"line":15,"column":0},"end":{"line":15,"column":13}},"15":{"start":{"line":16,"column":0},"end":{"line":16,"column":14}},"16":{"start":{"line":17,"column":0},"end":{"line":17,"column":2}}},"s":{"7":1,"8":3,"9":3,"10":3,"11":3,"12":3,"13":3,"14":3,"15":3,"16":3},"branchMap":{"0":{"type":"branch","line":8,"loc":{"start":{"line":8,"column":31},"end":{"line":17,"column":2}},"locations":[{"start":{"line":8,"column":31},"end":{"line":17,"column":2}}]},"1":{"type":"branch","line":12,"loc":{"start":{"line":12,"column":35},"end":{"line":12,"column":47}},"locations":[{"start":{"line":12,"column":35},"end":{"line":12,"column":47}}]}},"b":{"0":[3],"1":[2]},"fnMap":{"0":{"name":"createElFromStr","decl":{"start":{"line":8,"column":31},"end":{"line":17,"column":2}},"loc":{"start":{"line":8,"column":31},"end":{"line":17,"column":2}},"line":8}},"f":{"0":3}}
,"W:\\projects\\lib\\src\\tests\\_lib.test.ts": {"path":"W:\\projects\\lib\\src\\tests\\_lib.test.ts","all":false,"statementMap":{"0":{"start":{"line":1,"column":0},"end":{"line":1,"column":62}},"2":{"start":{"line":3,"column":0},"end":{"line":3,"column":36}},"4":{"start":{"line":5,"column":0},"end":{"line":5,"column":30}},"5":{"start":{"line":6,"column":0},"end":{"line":6,"column":19}},"6":{"start":{"line":7,"column":0},"end":{"line":7,"column":29}},"11":{"start":{"line":12,"column":0},"end":{"line":12,"column":25}},"13":{"start":{"line":14,"column":0},"end":{"line":14,"column":38}},"14":{"start":{"line":15,"column":0},"end":{"line":15,"column":4}},"16":{"start":{"line":17,"column":0},"end":{"line":17,"column":53}},"17":{"start":{"line":18,"column":0},"end":{"line":18,"column":30}},"18":{"start":{"line":19,"column":0},"end":{"line":19,"column":40}},"19":{"start":{"line":20,"column":0},"end":{"line":20,"column":66}},"20":{"start":{"line":21,"column":0},"end":{"line":21,"column":4}},"22":{"start":{"line":23,"column":0},"end":{"line":23,"column":46}},"23":{"start":{"line":24,"column":0},"end":{"line":24,"column":44}},"24":{"start":{"line":25,"column":0},"end":{"line":25,"column":26}},"25":{"start":{"line":26,"column":0},"end":{"line":26,"column":40}},"26":{"start":{"line":27,"column":0},"end":{"line":27,"column":38}},"27":{"start":{"line":28,"column":0},"end":{"line":28,"column":4}},"29":{"start":{"line":30,"column":0},"end":{"line":30,"column":49}},"30":{"start":{"line":31,"column":0},"end":{"line":31,"column":21}},"31":{"start":{"line":32,"column":0},"end":{"line":32,"column":71}},"32":{"start":{"line":33,"column":0},"end":{"line":33,"column":4}},"34":{"start":{"line":35,"column":0},"end":{"line":35,"column":44}},"35":{"start":{"line":36,"column":0},"end":{"line":36,"column":27}},"36":{"start":{"line":37,"column":0},"end":{"line":37,"column":58}},"38":{"start":{"line":39,"column":0},"end":{"line":39,"column":22}},"39":{"start":{"line":40,"column":0},"end":{"line":40,"column":38}},"41":{"start":{"line":42,"column":0},"end":{"line":42,"column":36}},"42":{"start":{"line":43,"column":0},"end":{"line":43,"column":22}},"43":{"start":{"line":44,"column":0},"end":{"line":44,"column":44}},"44":{"start":{"line":45,"column":0},"end":{"line":45,"column":4}},"46":{"start":{"line":47,"column":0},"end":{"line":47,"column":45}},"47":{"start":{"line":48,"column":0},"end":{"line":48,"column":30}},"49":{"start":{"line":50,"column":0},"end":{"line":50,"column":33}},"50":{"start":{"line":51,"column":0},"end":{"line":51,"column":52}},"52":{"start":{"line":53,"column":0},"end":{"line":53,"column":36}},"53":{"start":{"line":54,"column":0},"end":{"line":54,"column":53}},"55":{"start":{"line":56,"column":0},"end":{"line":56,"column":39}},"56":{"start":{"line":57,"column":0},"end":{"line":57,"column":55}},"58":{"start":{"line":59,"column":0},"end":{"line":59,"column":39}},"59":{"start":{"line":60,"column":0},"end":{"line":60,"column":56}},"60":{"start":{"line":61,"column":0},"end":{"line":61,"column":4}},"62":{"start":{"line":63,"column":0},"end":{"line":63,"column":39}},"63":{"start":{"line":64,"column":0},"end":{"line":64,"column":30}},"65":{"start":{"line":66,"column":0},"end":{"line":66,"column":18}},"66":{"start":{"line":67,"column":0},"end":{"line":67,"column":55}},"68":{"start":{"line":69,"column":0},"end":{"line":69,"column":18}},"69":{"start":{"line":70,"column":0},"end":{"line":70,"column":51}},"70":{"start":{"line":71,"column":0},"end":{"line":71,"column":4}},"72":{"start":{"line":73,"column":0},"end":{"line":73,"column":39}},"73":{"start":{"line":74,"column":0},"end":{"line":74,"column":30}},"74":{"start":{"line":75,"column":0},"end":{"line":75,"column":53}},"75":{"start":{"line":76,"column":0},"end":{"line":76,"column":37}},"76":{"start":{"line":77,"column":0},"end":{"line":77,"column":60}},"78":{"start":{"line":79,"column":0},"end":{"line":79,"column":39}},"79":{"start":{"line":80,"column":0},"end":{"line":80,"column":62}},"81":{"start":{"line":82,"column":0},"end":{"line":82,"column":23}},"82":{"start":{"line":83,"column":0},"end":{"line":83,"column":52}},"84":{"start":{"line":85,"column":0},"end":{"line":85,"column":24}},"85":{"start":{"line":86,"column":0},"end":{"line":86,"column":52}},"86":{"start":{"line":87,"column":0},"end":{"line":87,"column":4}},"88":{"start":{"line":89,"column":0},"end":{"line":89,"column":50}},"89":{"start":{"line":90,"column":0},"end":{"line":90,"column":30}},"91":{"start":{"line":92,"column":0},"end":{"line":92,"column":58}},"92":{"start":{"line":93,"column":0},"end":{"line":93,"column":52}},"94":{"start":{"line":95,"column":0},"end":{"line":95,"column":73}},"95":{"start":{"line":96,"column":0},"end":{"line":96,"column":59}},"96":{"start":{"line":97,"column":0},"end":{"line":97,"column":56}},"98":{"start":{"line":99,"column":0},"end":{"line":99,"column":43}},"99":{"start":{"line":100,"column":0},"end":{"line":100,"column":57}},"100":{"start":{"line":101,"column":0},"end":{"line":101,"column":4}},"102":{"start":{"line":103,"column":0},"end":{"line":103,"column":49}},"103":{"start":{"line":104,"column":0},"end":{"line":104,"column":30}},"105":{"start":{"line":106,"column":0},"end":{"line":106,"column":31}},"106":{"start":{"line":107,"column":0},"end":{"line":107,"column":57}},"108":{"start":{"line":109,"column":0},"end":{"line":109,"column":38}},"109":{"start":{"line":110,"column":0},"end":{"line":110,"column":62}},"111":{"start":{"line":112,"column":0},"end":{"line":112,"column":43}},"112":{"start":{"line":113,"column":0},"end":{"line":113,"column":83}},"114":{"start":{"line":115,"column":0},"end":{"line":115,"column":43}},"115":{"start":{"line":116,"column":0},"end":{"line":116,"column":43}},"116":{"start":{"line":117,"column":0},"end":{"line":117,"column":62}},"117":{"start":{"line":118,"column":0},"end":{"line":118,"column":4}},"118":{"start":{"line":119,"column":0},"end":{"line":119,"column":4}},"120":{"start":{"line":121,"column":0},"end":{"line":121,"column":56}},"121":{"start":{"line":122,"column":0},"end":{"line":122,"column":49}},"122":{"start":{"line":123,"column":0},"end":{"line":123,"column":23}},"123":{"start":{"line":124,"column":0},"end":{"line":124,"column":53}},"125":{"start":{"line":126,"column":0},"end":{"line":126,"column":30}},"126":{"start":{"line":127,"column":0},"end":{"line":127,"column":26}},"127":{"start":{"line":128,"column":0},"end":{"line":128,"column":60}},"128":{"start":{"line":129,"column":0},"end":{"line":129,"column":4}},"130":{"start":{"line":131,"column":0},"end":{"line":131,"column":49}},"131":{"start":{"line":132,"column":0},"end":{"line":132,"column":30}},"133":{"start":{"line":134,"column":0},"end":{"line":134,"column":60}},"134":{"start":{"line":135,"column":0},"end":{"line":135,"column":60}},"135":{"start":{"line":136,"column":0},"end":{"line":136,"column":4}},"137":{"start":{"line":138,"column":0},"end":{"line":138,"column":45}},"138":{"start":{"line":139,"column":0},"end":{"line":139,"column":27}},"139":{"start":{"line":140,"column":0},"end":{"line":140,"column":25}},"140":{"start":{"line":141,"column":0},"end":{"line":141,"column":25}},"141":{"start":{"line":142,"column":0},"end":{"line":142,"column":43}},"142":{"start":{"line":143,"column":0},"end":{"line":143,"column":19}},"143":{"start":{"line":144,"column":0},"end":{"line":144,"column":10}},"145":{"start":{"line":146,"column":0},"end":{"line":146,"column":63}},"146":{"start":{"line":147,"column":0},"end":{"line":147,"column":44}},"147":{"start":{"line":148,"column":0},"end":{"line":148,"column":60}},"148":{"start":{"line":149,"column":0},"end":{"line":149,"column":45}},"149":{"start":{"line":150,"column":0},"end":{"line":150,"column":4}},"150":{"start":{"line":151,"column":0},"end":{"line":151,"column":3}}},"s":{"0":1,"2":1,"4":1,"5":1,"6":12,"11":12,"13":12,"14":1,"16":1,"17":1,"18":1,"19":1,"20":1,"22":1,"23":1,"24":1,"25":1,"26":1,"27":1,"29":1,"30":1,"31":1,"32":1,"34":1,"35":1,"36":1,"38":1,"39":1,"41":1,"42":1,"43":1,"44":1,"46":1,"47":1,"49":1,"50":1,"52":1,"53":1,"55":1,"56":1,"58":1,"59":1,"60":1,"62":1,"63":1,"65":1,"66":1,"68":1,"69":1,"70":1,"72":1,"73":1,"74":1,"75":1,"76":1,"78":1,"79":1,"81":1,"82":1,"84":1,"85":1,"86":1,"88":1,"89":1,"91":1,"92":1,"94":1,"95":1,"96":1,"98":1,"99":1,"100":1,"102":1,"103":1,"105":1,"106":1,"108":1,"109":1,"111":1,"112":1,"114":1,"115":1,"116":1,"117":1,"118":1,"120":1,"121":1,"122":1,"123":1,"125":1,"126":1,"127":1,"128":1,"130":1,"131":1,"133":1,"134":1,"135":1,"137":1,"138":1,"139":1,"140":1,"141":1,"142":1,"143":1,"145":1,"146":1,"147":1,"148":1,"149":1,"150":1},"branchMap":{"0":{"type":"branch","line":5,"loc":{"start":{"line":5,"column":23},"end":{"line":151,"column":3}},"locations":[{"start":{"line":5,"column":23},"end":{"line":151,"column":3}}]},"1":{"type":"branch","line":6,"loc":{"start":{"line":6,"column":12},"end":{"line":15,"column":2}},"locations":[{"start":{"line":6,"column":12},"end":{"line":15,"column":2}}]},"2":{"type":"branch","line":17,"loc":{"start":{"line":17,"column":46},"end":{"line":21,"column":2}},"locations":[{"start":{"line":17,"column":46},"end":{"line":21,"column":2}}]},"3":{"type":"branch","line":23,"loc":{"start":{"line":23,"column":39},"end":{"line":28,"column":2}},"locations":[{"start":{"line":23,"column":39},"end":{"line":28,"column":2}}]},"4":{"type":"branch","line":30,"loc":{"start":{"line":30,"column":42},"end":{"line":33,"column":2}},"locations":[{"start":{"line":30,"column":42},"end":{"line":33,"column":2}}]},"5":{"type":"branch","line":35,"loc":{"start":{"line":35,"column":37},"end":{"line":45,"column":2}},"locations":[{"start":{"line":35,"column":37},"end":{"line":45,"column":2}}]},"6":{"type":"branch","line":47,"loc":{"start":{"line":47,"column":38},"end":{"line":61,"column":2}},"locations":[{"start":{"line":47,"column":38},"end":{"line":61,"column":2}}]},"7":{"type":"branch","line":63,"loc":{"start":{"line":63,"column":32},"end":{"line":71,"column":2}},"locations":[{"start":{"line":63,"column":32},"end":{"line":71,"column":2}}]},"8":{"type":"branch","line":73,"loc":{"start":{"line":73,"column":32},"end":{"line":87,"column":2}},"locations":[{"start":{"line":73,"column":32},"end":{"line":87,"column":2}}]},"9":{"type":"branch","line":89,"loc":{"start":{"line":89,"column":43},"end":{"line":101,"column":2}},"locations":[{"start":{"line":89,"column":43},"end":{"line":101,"column":2}}]},"10":{"type":"branch","line":103,"loc":{"start":{"line":103,"column":42},"end":{"line":119,"column":2}},"locations":[{"start":{"line":103,"column":42},"end":{"line":119,"column":2}}]},"11":{"type":"branch","line":121,"loc":{"start":{"line":121,"column":49},"end":{"line":129,"column":2}},"locations":[{"start":{"line":121,"column":49},"end":{"line":129,"column":2}}]},"12":{"type":"branch","line":131,"loc":{"start":{"line":131,"column":42},"end":{"line":136,"column":2}},"locations":[{"start":{"line":131,"column":42},"end":{"line":136,"column":2}}]},"13":{"type":"branch","line":138,"loc":{"start":{"line":138,"column":38},"end":{"line":150,"column":2}},"locations":[{"start":{"line":138,"column":38},"end":{"line":150,"column":2}}]}},"b":{"0":[1],"1":[12],"2":[1],"3":[1],"4":[1],"5":[1],"6":[1],"7":[1],"8":[1],"9":[1],"10":[1],"11":[1],"12":[1],"13":[1]},"fnMap":{},"f":{}}
,"W:\\projects\\lib\\src\\tests\\eventBroker.test.ts": {"path":"W:\\projects\\lib\\src\\tests\\eventBroker.test.ts","all":false,"statementMap":{"0":{"start":{"line":1,"column":0},"end":{"line":1,"column":50}},"2":{"start":{"line":3,"column":0},"end":{"line":3,"column":40}},"4":{"start":{"line":5,"column":0},"end":{"line":5,"column":31}},"5":{"start":{"line":6,"column":0},"end":{"line":6,"column":50}},"6":{"start":{"line":7,"column":0},"end":{"line":7,"column":37}},"7":{"start":{"line":8,"column":0},"end":{"line":8,"column":39}},"8":{"start":{"line":9,"column":0},"end":{"line":9,"column":40}},"9":{"start":{"line":10,"column":0},"end":{"line":10,"column":38}},"10":{"start":{"line":11,"column":0},"end":{"line":11,"column":39}},"11":{"start":{"line":12,"column":0},"end":{"line":12,"column":4}},"13":{"start":{"line":14,"column":0},"end":{"line":14,"column":60}},"14":{"start":{"line":15,"column":0},"end":{"line":15,"column":37}},"15":{"start":{"line":16,"column":0},"end":{"line":16,"column":26}},"17":{"start":{"line":18,"column":0},"end":{"line":18,"column":29}},"18":{"start":{"line":19,"column":0},"end":{"line":19,"column":40}},"20":{"start":{"line":21,"column":0},"end":{"line":21,"column":57}},"21":{"start":{"line":22,"column":0},"end":{"line":22,"column":4}},"23":{"start":{"line":24,"column":0},"end":{"line":24,"column":49}},"24":{"start":{"line":25,"column":0},"end":{"line":25,"column":37}},"25":{"start":{"line":26,"column":0},"end":{"line":26,"column":26}},"27":{"start":{"line":28,"column":0},"end":{"line":28,"column":29}},"28":{"start":{"line":29,"column":0},"end":{"line":29,"column":30}},"29":{"start":{"line":30,"column":0},"end":{"line":30,"column":40}},"31":{"start":{"line":32,"column":0},"end":{"line":32,"column":41}},"32":{"start":{"line":33,"column":0},"end":{"line":33,"column":4}},"34":{"start":{"line":35,"column":0},"end":{"line":35,"column":49}},"35":{"start":{"line":36,"column":0},"end":{"line":36,"column":37}},"36":{"start":{"line":37,"column":0},"end":{"line":37,"column":27}},"37":{"start":{"line":38,"column":0},"end":{"line":38,"column":27}},"39":{"start":{"line":40,"column":0},"end":{"line":40,"column":30}},"40":{"start":{"line":41,"column":0},"end":{"line":41,"column":30}},"41":{"start":{"line":42,"column":0},"end":{"line":42,"column":40}},"43":{"start":{"line":44,"column":0},"end":{"line":44,"column":58}},"44":{"start":{"line":45,"column":0},"end":{"line":45,"column":58}},"45":{"start":{"line":46,"column":0},"end":{"line":46,"column":4}},"46":{"start":{"line":47,"column":0},"end":{"line":47,"column":3}}},"s":{"0":1,"2":1,"4":1,"5":1,"6":1,"7":1,"8":1,"9":1,"10":1,"11":1,"13":1,"14":1,"15":1,"17":1,"18":1,"20":1,"21":1,"23":1,"24":1,"25":1,"27":1,"28":1,"29":1,"31":1,"32":1,"34":1,"35":1,"36":1,"37":1,"39":1,"40":1,"41":1,"43":1,"44":1,"45":1,"46":1},"branchMap":{"0":{"type":"branch","line":5,"loc":{"start":{"line":5,"column":24},"end":{"line":47,"column":3}},"locations":[{"start":{"line":5,"column":24},"end":{"line":47,"column":3}}]},"1":{"type":"branch","line":6,"loc":{"start":{"line":6,"column":43},"end":{"line":12,"column":2}},"locations":[{"start":{"line":6,"column":43},"end":{"line":12,"column":2}}]},"2":{"type":"branch","line":14,"loc":{"start":{"line":14,"column":53},"end":{"line":22,"column":2}},"locations":[{"start":{"line":14,"column":53},"end":{"line":22,"column":2}}]},"3":{"type":"branch","line":24,"loc":{"start":{"line":24,"column":42},"end":{"line":33,"column":2}},"locations":[{"start":{"line":24,"column":42},"end":{"line":33,"column":2}}]},"4":{"type":"branch","line":35,"loc":{"start":{"line":35,"column":42},"end":{"line":46,"column":2}},"locations":[{"start":{"line":35,"column":42},"end":{"line":46,"column":2}}]}},"b":{"0":[1],"1":[1],"2":[1],"3":[1],"4":[1]},"fnMap":{},"f":{}}
,"W:\\projects\\lib\\src\\tests\\index.test.ts": {"path":"W:\\projects\\lib\\src\\tests\\index.test.ts","all":false,"statementMap":{"0":{"start":{"line":1,"column":0},"end":{"line":1,"column":46}},"2":{"start":{"line":3,"column":0},"end":{"line":3,"column":65}},"4":{"start":{"line":5,"column":0},"end":{"line":5,"column":35}},"5":{"start":{"line":6,"column":0},"end":{"line":6,"column":39}},"6":{"start":{"line":7,"column":0},"end":{"line":7,"column":26}},"7":{"start":{"line":8,"column":0},"end":{"line":8,"column":36}},"8":{"start":{"line":9,"column":0},"end":{"line":9,"column":4}},"10":{"start":{"line":11,"column":0},"end":{"line":11,"column":53}},"11":{"start":{"line":12,"column":0},"end":{"line":12,"column":40}},"12":{"start":{"line":13,"column":0},"end":{"line":13,"column":50}},"13":{"start":{"line":14,"column":0},"end":{"line":14,"column":4}},"15":{"start":{"line":16,"column":0},"end":{"line":16,"column":55}},"16":{"start":{"line":17,"column":0},"end":{"line":17,"column":42}},"17":{"start":{"line":18,"column":0},"end":{"line":18,"column":52}},"18":{"start":{"line":19,"column":0},"end":{"line":19,"column":4}},"19":{"start":{"line":20,"column":0},"end":{"line":20,"column":3}}},"s":{"0":1,"2":1,"4":1,"5":1,"6":1,"7":1,"8":1,"10":1,"11":1,"12":1,"13":1,"15":1,"16":1,"17":1,"18":1,"19":1},"branchMap":{"0":{"type":"branch","line":5,"loc":{"start":{"line":5,"column":28},"end":{"line":20,"column":3}},"locations":[{"start":{"line":5,"column":28},"end":{"line":20,"column":3}}]},"1":{"type":"branch","line":6,"loc":{"start":{"line":6,"column":32},"end":{"line":9,"column":2}},"locations":[{"start":{"line":6,"column":32},"end":{"line":9,"column":2}}]},"2":{"type":"branch","line":11,"loc":{"start":{"line":11,"column":46},"end":{"line":14,"column":2}},"locations":[{"start":{"line":11,"column":46},"end":{"line":14,"column":2}}]},"3":{"type":"branch","line":16,"loc":{"start":{"line":16,"column":48},"end":{"line":19,"column":2}},"locations":[{"start":{"line":16,"column":48},"end":{"line":19,"column":2}}]}},"b":{"0":[1],"1":[1],"2":[1],"3":[1]},"fnMap":{},"f":{}}
,"W:\\projects\\lib\\src\\tests\\utils.test.ts": {"path":"W:\\projects\\lib\\src\\tests\\utils.test.ts","all":false,"statementMap":{"0":{"start":{"line":1,"column":0},"end":{"line":1,"column":46}},"2":{"start":{"line":3,"column":0},"end":{"line":3,"column":51}},"4":{"start":{"line":5,"column":0},"end":{"line":5,"column":35}},"5":{"start":{"line":6,"column":0},"end":{"line":6,"column":53}},"6":{"start":{"line":7,"column":0},"end":{"line":7,"column":47}},"7":{"start":{"line":8,"column":0},"end":{"line":8,"column":40}},"9":{"start":{"line":10,"column":0},"end":{"line":10,"column":32}},"10":{"start":{"line":11,"column":0},"end":{"line":11,"column":39}},"11":{"start":{"line":12,"column":0},"end":{"line":12,"column":57}},"12":{"start":{"line":13,"column":0},"end":{"line":13,"column":45}},"13":{"start":{"line":14,"column":0},"end":{"line":14,"column":4}},"15":{"start":{"line":16,"column":0},"end":{"line":16,"column":50}},"16":{"start":{"line":17,"column":0},"end":{"line":17,"column":30}},"17":{"start":{"line":18,"column":0},"end":{"line":18,"column":40}},"19":{"start":{"line":20,"column":0},"end":{"line":20,"column":29}},"20":{"start":{"line":21,"column":0},"end":{"line":21,"column":4}},"22":{"start":{"line":23,"column":0},"end":{"line":23,"column":55}},"23":{"start":{"line":24,"column":0},"end":{"line":24,"column":35}},"24":{"start":{"line":25,"column":0},"end":{"line":25,"column":48}},"26":{"start":{"line":27,"column":0},"end":{"line":27,"column":40}},"27":{"start":{"line":28,"column":0},"end":{"line":28,"column":4}},"28":{"start":{"line":29,"column":0},"end":{"line":29,"column":3}}},"s":{"0":1,"2":1,"4":1,"5":1,"6":1,"7":1,"9":1,"10":1,"11":1,"12":1,"13":1,"15":1,"16":1,"17":1,"19":1,"20":1,"22":1,"23":1,"24":1,"26":1,"27":1,"28":1},"branchMap":{"0":{"type":"branch","line":5,"loc":{"start":{"line":5,"column":28},"end":{"line":29,"column":3}},"locations":[{"start":{"line":5,"column":28},"end":{"line":29,"column":3}}]},"1":{"type":"branch","line":6,"loc":{"start":{"line":6,"column":46},"end":{"line":14,"column":2}},"locations":[{"start":{"line":6,"column":46},"end":{"line":14,"column":2}}]},"2":{"type":"branch","line":16,"loc":{"start":{"line":16,"column":43},"end":{"line":21,"column":2}},"locations":[{"start":{"line":16,"column":43},"end":{"line":21,"column":2}}]},"3":{"type":"branch","line":23,"loc":{"start":{"line":23,"column":48},"end":{"line":28,"column":2}},"locations":[{"start":{"line":23,"column":48},"end":{"line":28,"column":2}}]}},"b":{"0":[1],"1":[1],"2":[1],"3":[1]},"fnMap":{},"f":{}}
}
