{"W:\\projects\\lib\\global.d.ts": {"path":"W:\\projects\\lib\\global.d.ts","all":true,"statementMap":{},"s":{},"branchMap":{"0":{"type":"branch","line":1,"loc":{"start":{"line":1,"column":45},"end":{"line":1,"column":45}},"locations":[{"start":{"line":1,"column":45},"end":{"line":1,"column":45}}]}},"b":{"0":[1]},"fnMap":{"0":{"name":"(empty-report)","decl":{"start":{"line":1,"column":45},"end":{"line":1,"column":45}},"loc":{"start":{"line":1,"column":45},"end":{"line":1,"column":45}},"line":1}},"f":{"0":1}}
,"W:\\projects\\lib\\types.d.ts": {"path":"W:\\projects\\lib\\types.d.ts","all":true,"statementMap":{"0":{"start":{"line":1,"column":0},"end":{"line":1,"column":36}}},"s":{"0":0},"branchMap":{"0":{"type":"branch","line":1,"loc":{"start":{"line":1,"column":0},"end":{"line":1,"column":14}},"locations":[{"start":{"line":1,"column":0},"end":{"line":1,"column":14}}]}},"b":{"0":[0]},"fnMap":{"0":{"name":"(empty-report)","decl":{"start":{"line":1,"column":0},"end":{"line":1,"column":14}},"loc":{"start":{"line":1,"column":0},"end":{"line":1,"column":14}},"line":1}},"f":{"0":0}}
,"W:\\projects\\lib\\src\\index.ts": {"path":"W:\\projects\\lib\\src\\index.ts","all":false,"statementMap":{"0":{"start":{"line":1,"column":0},"end":{"line":1,"column":79}}},"s":{"0":1},"branchMap":{},"b":{},"fnMap":{},"f":{}}
,"W:\\projects\\lib\\src\\vite-env.d.ts": {"path":"W:\\projects\\lib\\src\\vite-env.d.ts","all":true,"statementMap":{},"s":{},"branchMap":{"0":{"type":"branch","line":1,"loc":{"start":{"line":1,"column":37},"end":{"line":1,"column":37}},"locations":[{"start":{"line":1,"column":37},"end":{"line":1,"column":37}}]}},"b":{"0":[1]},"fnMap":{"0":{"name":"(empty-report)","decl":{"start":{"line":1,"column":37},"end":{"line":1,"column":37}},"loc":{"start":{"line":1,"column":37},"end":{"line":1,"column":37}},"line":1}},"f":{"0":1}}
,"W:\\projects\\lib\\src\\scripts\\_lib.ts": {"path":"W:\\projects\\lib\\src\\scripts\\_lib.ts","all":false,"statementMap":{"14":{"start":{"line":15,"column":0},"end":{"line":15,"column":18}},"15":{"start":{"line":16,"column":0},"end":{"line":16,"column":41}},"16":{"start":{"line":17,"column":0},"end":{"line":17,"column":31}},"17":{"start":{"line":18,"column":0},"end":{"line":18,"column":17}},"18":{"start":{"line":19,"column":0},"end":{"line":19,"column":39}},"20":{"start":{"line":21,"column":0},"end":{"line":21,"column":45}},"21":{"start":{"line":22,"column":0},"end":{"line":22,"column":56}},"22":{"start":{"line":23,"column":0},"end":{"line":23,"column":9}},"23":{"start":{"line":24,"column":0},"end":{"line":24,"column":71}},"24":{"start":{"line":25,"column":0},"end":{"line":25,"column":2}},"26":{"start":{"line":27,"column":0},"end":{"line":27,"column":25}},"27":{"start":{"line":28,"column":0},"end":{"line":28,"column":42}},"28":{"start":{"line":29,"column":0},"end":{"line":29,"column":2}},"30":{"start":{"line":31,"column":0},"end":{"line":31,"column":29}},"31":{"start":{"line":32,"column":0},"end":{"line":32,"column":62}},"32":{"start":{"line":33,"column":0},"end":{"line":33,"column":66}},"33":{"start":{"line":34,"column":0},"end":{"line":34,"column":18}},"34":{"start":{"line":35,"column":0},"end":{"line":35,"column":4}},"35":{"start":{"line":36,"column":0},"end":{"line":36,"column":63}},"36":{"start":{"line":37,"column":0},"end":{"line":37,"column":69}},"37":{"start":{"line":38,"column":0},"end":{"line":38,"column":18}},"38":{"start":{"line":39,"column":0},"end":{"line":39,"column":4}},"39":{"start":{"line":40,"column":0},"end":{"line":40,"column":42}},"40":{"start":{"line":41,"column":0},"end":{"line":41,"column":57}},"41":{"start":{"line":42,"column":0},"end":{"line":42,"column":18}},"42":{"start":{"line":43,"column":0},"end":{"line":43,"column":4}},"43":{"start":{"line":44,"column":0},"end":{"line":44,"column":45}},"44":{"start":{"line":45,"column":0},"end":{"line":45,"column":60}},"45":{"start":{"line":46,"column":0},"end":{"line":46,"column":18}},"46":{"start":{"line":47,"column":0},"end":{"line":47,"column":4}},"47":{"start":{"line":48,"column":0},"end":{"line":48,"column":40}},"48":{"start":{"line":49,"column":0},"end":{"line":49,"column":78}},"49":{"start":{"line":50,"column":0},"end":{"line":50,"column":4}},"50":{"start":{"line":51,"column":0},"end":{"line":51,"column":21}},"51":{"start":{"line":52,"column":0},"end":{"line":52,"column":29}},"52":{"start":{"line":53,"column":0},"end":{"line":53,"column":30}},"53":{"start":{"line":54,"column":0},"end":{"line":54,"column":6}},"54":{"start":{"line":55,"column":0},"end":{"line":55,"column":18}},"55":{"start":{"line":56,"column":0},"end":{"line":56,"column":4}},"56":{"start":{"line":57,"column":0},"end":{"line":57,"column":21}},"57":{"start":{"line":58,"column":0},"end":{"line":58,"column":29}},"58":{"start":{"line":59,"column":0},"end":{"line":59,"column":26}},"59":{"start":{"line":60,"column":0},"end":{"line":60,"column":6}},"60":{"start":{"line":61,"column":0},"end":{"line":61,"column":18}},"61":{"start":{"line":62,"column":0},"end":{"line":62,"column":4}},"62":{"start":{"line":63,"column":0},"end":{"line":63,"column":34}},"63":{"start":{"line":64,"column":0},"end":{"line":64,"column":19}},"64":{"start":{"line":65,"column":0},"end":{"line":65,"column":4}},"65":{"start":{"line":66,"column":0},"end":{"line":66,"column":10}},"66":{"start":{"line":67,"column":0},"end":{"line":67,"column":59}},"67":{"start":{"line":68,"column":0},"end":{"line":68,"column":46}},"68":{"start":{"line":69,"column":0},"end":{"line":69,"column":16}},"69":{"start":{"line":70,"column":0},"end":{"line":70,"column":60}},"70":{"start":{"line":71,"column":0},"end":{"line":71,"column":18}},"71":{"start":{"line":72,"column":0},"end":{"line":72,"column":4}},"72":{"start":{"line":73,"column":0},"end":{"line":73,"column":56}},"73":{"start":{"line":74,"column":0},"end":{"line":74,"column":61}},"74":{"start":{"line":75,"column":0},"end":{"line":75,"column":18}},"75":{"start":{"line":76,"column":0},"end":{"line":76,"column":4}},"76":{"start":{"line":77,"column":0},"end":{"line":77,"column":64}},"77":{"start":{"line":78,"column":0},"end":{"line":78,"column":29}},"78":{"start":{"line":79,"column":0},"end":{"line":79,"column":58}},"79":{"start":{"line":80,"column":0},"end":{"line":80,"column":33}},"80":{"start":{"line":81,"column":0},"end":{"line":81,"column":7}},"81":{"start":{"line":82,"column":0},"end":{"line":82,"column":6}},"82":{"start":{"line":83,"column":0},"end":{"line":83,"column":18}},"83":{"start":{"line":84,"column":0},"end":{"line":84,"column":4}},"84":{"start":{"line":85,"column":0},"end":{"line":85,"column":56}},"85":{"start":{"line":86,"column":0},"end":{"line":86,"column":58}},"86":{"start":{"line":87,"column":0},"end":{"line":87,"column":4}},"87":{"start":{"line":88,"column":0},"end":{"line":88,"column":44}},"88":{"start":{"line":89,"column":0},"end":{"line":89,"column":72}},"89":{"start":{"line":90,"column":0},"end":{"line":90,"column":4}},"90":{"start":{"line":91,"column":0},"end":{"line":91,"column":53}},"91":{"start":{"line":92,"column":0},"end":{"line":92,"column":29}},"92":{"start":{"line":93,"column":0},"end":{"line":93,"column":59}},"93":{"start":{"line":94,"column":0},"end":{"line":94,"column":6}},"94":{"start":{"line":95,"column":0},"end":{"line":95,"column":18}},"95":{"start":{"line":96,"column":0},"end":{"line":96,"column":4}},"96":{"start":{"line":97,"column":0},"end":{"line":97,"column":36}},"97":{"start":{"line":98,"column":0},"end":{"line":98,"column":29}},"98":{"start":{"line":99,"column":0},"end":{"line":99,"column":26}},"99":{"start":{"line":100,"column":0},"end":{"line":100,"column":6}},"100":{"start":{"line":101,"column":0},"end":{"line":101,"column":18}},"101":{"start":{"line":102,"column":0},"end":{"line":102,"column":4}},"102":{"start":{"line":103,"column":0},"end":{"line":103,"column":36}},"103":{"start":{"line":104,"column":0},"end":{"line":104,"column":29}},"104":{"start":{"line":105,"column":0},"end":{"line":105,"column":24}},"105":{"start":{"line":106,"column":0},"end":{"line":106,"column":6}},"106":{"start":{"line":107,"column":0},"end":{"line":107,"column":18}},"107":{"start":{"line":108,"column":0},"end":{"line":108,"column":4}},"108":{"start":{"line":109,"column":0},"end":{"line":109,"column":45}},"109":{"start":{"line":110,"column":0},"end":{"line":110,"column":60}},"110":{"start":{"line":111,"column":0},"end":{"line":111,"column":18}},"111":{"start":{"line":112,"column":0},"end":{"line":112,"column":4}},"112":{"start":{"line":113,"column":0},"end":{"line":113,"column":39}},"113":{"start":{"line":114,"column":0},"end":{"line":114,"column":29}},"114":{"start":{"line":115,"column":0},"end":{"line":115,"column":50}},"115":{"start":{"line":116,"column":0},"end":{"line":116,"column":27}},"116":{"start":{"line":117,"column":0},"end":{"line":117,"column":6}},"117":{"start":{"line":118,"column":0},"end":{"line":118,"column":18}},"118":{"start":{"line":119,"column":0},"end":{"line":119,"column":4}},"119":{"start":{"line":120,"column":0},"end":{"line":120,"column":40}},"120":{"start":{"line":121,"column":0},"end":{"line":121,"column":29}},"121":{"start":{"line":122,"column":0},"end":{"line":122,"column":50}},"122":{"start":{"line":123,"column":0},"end":{"line":123,"column":27}},"123":{"start":{"line":124,"column":0},"end":{"line":124,"column":6}},"124":{"start":{"line":125,"column":0},"end":{"line":125,"column":18}},"125":{"start":{"line":126,"column":0},"end":{"line":126,"column":4}},"126":{"start":{"line":127,"column":0},"end":{"line":127,"column":35}},"127":{"start":{"line":128,"column":0},"end":{"line":128,"column":29}},"128":{"start":{"line":129,"column":0},"end":{"line":129,"column":45}},"129":{"start":{"line":130,"column":0},"end":{"line":130,"column":6}},"130":{"start":{"line":131,"column":0},"end":{"line":131,"column":18}},"131":{"start":{"line":132,"column":0},"end":{"line":132,"column":4}},"132":{"start":{"line":133,"column":0},"end":{"line":133,"column":36}},"133":{"start":{"line":134,"column":0},"end":{"line":134,"column":29}},"134":{"start":{"line":135,"column":0},"end":{"line":135,"column":46}},"135":{"start":{"line":136,"column":0},"end":{"line":136,"column":6}},"136":{"start":{"line":137,"column":0},"end":{"line":137,"column":18}},"137":{"start":{"line":138,"column":0},"end":{"line":138,"column":4}},"138":{"start":{"line":139,"column":0},"end":{"line":139,"column":23}},"139":{"start":{"line":140,"column":0},"end":{"line":140,"column":29}},"140":{"start":{"line":141,"column":0},"end":{"line":141,"column":35}},"141":{"start":{"line":142,"column":0},"end":{"line":142,"column":6}},"142":{"start":{"line":143,"column":0},"end":{"line":143,"column":18}},"143":{"start":{"line":144,"column":0},"end":{"line":144,"column":4}},"144":{"start":{"line":145,"column":0},"end":{"line":145,"column":29}},"145":{"start":{"line":146,"column":0},"end":{"line":146,"column":29}},"146":{"start":{"line":147,"column":0},"end":{"line":147,"column":52}},"147":{"start":{"line":148,"column":0},"end":{"line":148,"column":55}},"148":{"start":{"line":149,"column":0},"end":{"line":149,"column":6}},"149":{"start":{"line":150,"column":0},"end":{"line":150,"column":18}},"150":{"start":{"line":151,"column":0},"end":{"line":151,"column":4}},"151":{"start":{"line":152,"column":0},"end":{"line":152,"column":3}},"153":{"start":{"line":154,"column":0},"end":{"line":154,"column":16}},"154":{"start":{"line":155,"column":0},"end":{"line":155,"column":2}}},"s":{"14":1,"15":14,"16":14,"17":14,"18":14,"20":14,"21":13,"22":14,"23":1,"24":1,"26":14,"27":1,"28":1,"30":14,"31":14,"32":1,"33":1,"34":1,"35":14,"36":1,"37":1,"38":1,"39":14,"40":2,"41":2,"42":2,"43":14,"44":1,"45":1,"46":1,"47":14,"48":4,"49":4,"50":14,"51":1,"52":1,"53":1,"54":1,"55":1,"56":14,"57":1,"58":1,"59":1,"60":1,"61":1,"62":14,"63":15,"64":15,"65":14,"66":1,"67":1,"68":1,"69":1,"70":1,"71":1,"72":14,"73":2,"74":2,"75":2,"76":14,"77":2,"78":2,"79":3,"80":2,"81":2,"82":2,"83":2,"84":14,"85":2,"86":2,"87":14,"88":3,"89":3,"90":14,"91":1,"92":1,"93":1,"94":1,"95":1,"96":14,"97":2,"98":2,"99":2,"100":2,"101":2,"102":14,"103":1,"104":1,"105":1,"106":1,"107":1,"108":14,"109":2,"110":2,"111":2,"112":14,"113":1,"114":1,"115":1,"116":1,"117":1,"118":1,"119":14,"120":1,"121":1,"122":1,"123":1,"124":1,"125":1,"126":14,"127":1,"128":1,"129":1,"130":1,"131":1,"132":14,"133":1,"134":1,"135":1,"136":1,"137":1,"138":14,"139":1,"140":1,"141":1,"142":1,"143":1,"144":14,"145":1,"146":1,"147":1,"148":1,"149":1,"150":1,"151":14,"153":14,"154":14},"branchMap":{"0":{"type":"branch","line":15,"loc":{"start":{"line":15,"column":17},"end":{"line":155,"column":2}},"locations":[{"start":{"line":15,"column":17},"end":{"line":155,"column":2}}]},"1":{"type":"branch","line":21,"loc":{"start":{"line":21,"column":44},"end":{"line":23,"column":8}},"locations":[{"start":{"line":21,"column":44},"end":{"line":23,"column":8}}]},"2":{"type":"branch","line":23,"loc":{"start":{"line":23,"column":1},"end":{"line":25,"column":2}},"locations":[{"start":{"line":23,"column":1},"end":{"line":25,"column":2}}]},"3":{"type":"branch","line":27,"loc":{"start":{"line":27,"column":24},"end":{"line":29,"column":2}},"locations":[{"start":{"line":27,"column":24},"end":{"line":29,"column":2}}]},"4":{"type":"branch","line":32,"loc":{"start":{"line":32,"column":2},"end":{"line":35,"column":4}},"locations":[{"start":{"line":32,"column":2},"end":{"line":35,"column":4}}]},"5":{"type":"branch","line":33,"loc":{"start":{"line":33,"column":20},"end":{"line":33,"column":64}},"locations":[{"start":{"line":33,"column":20},"end":{"line":33,"column":64}}]},"6":{"type":"branch","line":36,"loc":{"start":{"line":36,"column":2},"end":{"line":39,"column":4}},"locations":[{"start":{"line":36,"column":2},"end":{"line":39,"column":4}}]},"7":{"type":"branch","line":37,"loc":{"start":{"line":37,"column":20},"end":{"line":37,"column":67}},"locations":[{"start":{"line":37,"column":20},"end":{"line":37,"column":67}}]},"8":{"type":"branch","line":40,"loc":{"start":{"line":40,"column":2},"end":{"line":43,"column":4}},"locations":[{"start":{"line":40,"column":2},"end":{"line":43,"column":4}}]},"9":{"type":"branch","line":41,"loc":{"start":{"line":41,"column":20},"end":{"line":41,"column":55}},"locations":[{"start":{"line":41,"column":20},"end":{"line":41,"column":55}}]},"10":{"type":"branch","line":44,"loc":{"start":{"line":44,"column":2},"end":{"line":47,"column":4}},"locations":[{"start":{"line":44,"column":2},"end":{"line":47,"column":4}}]},"11":{"type":"branch","line":45,"loc":{"start":{"line":45,"column":20},"end":{"line":45,"column":58}},"locations":[{"start":{"line":45,"column":20},"end":{"line":45,"column":58}}]},"12":{"type":"branch","line":48,"loc":{"start":{"line":48,"column":2},"end":{"line":50,"column":4}},"locations":[{"start":{"line":48,"column":2},"end":{"line":50,"column":4}}]},"13":{"type":"branch","line":49,"loc":{"start":{"line":49,"column":36},"end":{"line":49,"column":76}},"locations":[{"start":{"line":49,"column":36},"end":{"line":49,"column":76}}]},"14":{"type":"branch","line":51,"loc":{"start":{"line":51,"column":2},"end":{"line":56,"column":4}},"locations":[{"start":{"line":51,"column":2},"end":{"line":56,"column":4}}]},"15":{"type":"branch","line":52,"loc":{"start":{"line":52,"column":20},"end":{"line":54,"column":4}},"locations":[{"start":{"line":52,"column":20},"end":{"line":54,"column":4}}]},"16":{"type":"branch","line":57,"loc":{"start":{"line":57,"column":2},"end":{"line":62,"column":4}},"locations":[{"start":{"line":57,"column":2},"end":{"line":62,"column":4}}]},"17":{"type":"branch","line":58,"loc":{"start":{"line":58,"column":20},"end":{"line":60,"column":4}},"locations":[{"start":{"line":58,"column":20},"end":{"line":60,"column":4}}]},"18":{"type":"branch","line":63,"loc":{"start":{"line":63,"column":2},"end":{"line":65,"column":4}},"locations":[{"start":{"line":63,"column":2},"end":{"line":65,"column":4}}]},"19":{"type":"branch","line":66,"loc":{"start":{"line":66,"column":2},"end":{"line":72,"column":4}},"locations":[{"start":{"line":66,"column":2},"end":{"line":72,"column":4}}]},"20":{"type":"branch","line":70,"loc":{"start":{"line":70,"column":20},"end":{"line":70,"column":58}},"locations":[{"start":{"line":70,"column":20},"end":{"line":70,"column":58}}]},"21":{"type":"branch","line":73,"loc":{"start":{"line":73,"column":2},"end":{"line":76,"column":4}},"locations":[{"start":{"line":73,"column":2},"end":{"line":76,"column":4}}]},"22":{"type":"branch","line":74,"loc":{"start":{"line":74,"column":20},"end":{"line":74,"column":59}},"locations":[{"start":{"line":74,"column":20},"end":{"line":74,"column":59}}]},"23":{"type":"branch","line":77,"loc":{"start":{"line":77,"column":2},"end":{"line":84,"column":4}},"locations":[{"start":{"line":77,"column":2},"end":{"line":84,"column":4}}]},"24":{"type":"branch","line":78,"loc":{"start":{"line":78,"column":20},"end":{"line":82,"column":4}},"locations":[{"start":{"line":78,"column":20},"end":{"line":82,"column":4}}]},"25":{"type":"branch","line":79,"loc":{"start":{"line":79,"column":39},"end":{"line":81,"column":5}},"locations":[{"start":{"line":79,"column":39},"end":{"line":81,"column":5}}]},"26":{"type":"branch","line":85,"loc":{"start":{"line":85,"column":2},"end":{"line":87,"column":4}},"locations":[{"start":{"line":85,"column":2},"end":{"line":87,"column":4}}]},"27":{"type":"branch","line":86,"loc":{"start":{"line":86,"column":47},"end":{"line":86,"column":58}},"locations":[{"start":{"line":86,"column":47},"end":{"line":86,"column":58}}]},"28":{"type":"branch","line":88,"loc":{"start":{"line":88,"column":2},"end":{"line":90,"column":4}},"locations":[{"start":{"line":88,"column":2},"end":{"line":90,"column":4}}]},"29":{"type":"branch","line":89,"loc":{"start":{"line":89,"column":36},"end":{"line":89,"column":70}},"locations":[{"start":{"line":89,"column":36},"end":{"line":89,"column":70}}]},"30":{"type":"branch","line":91,"loc":{"start":{"line":91,"column":2},"end":{"line":96,"column":4}},"locations":[{"start":{"line":91,"column":2},"end":{"line":96,"column":4}}]},"31":{"type":"branch","line":92,"loc":{"start":{"line":92,"column":20},"end":{"line":94,"column":4}},"locations":[{"start":{"line":92,"column":20},"end":{"line":94,"column":4}}]},"32":{"type":"branch","line":93,"loc":{"start":{"line":93,"column":23},"end":{"line":93,"column":57}},"locations":[{"start":{"line":93,"column":23},"end":{"line":93,"column":57}}]},"33":{"type":"branch","line":97,"loc":{"start":{"line":97,"column":2},"end":{"line":102,"column":4}},"locations":[{"start":{"line":97,"column":2},"end":{"line":102,"column":4}}]},"34":{"type":"branch","line":98,"loc":{"start":{"line":98,"column":20},"end":{"line":100,"column":4}},"locations":[{"start":{"line":98,"column":20},"end":{"line":100,"column":4}}]},"35":{"type":"branch","line":103,"loc":{"start":{"line":103,"column":2},"end":{"line":108,"column":4}},"locations":[{"start":{"line":103,"column":2},"end":{"line":108,"column":4}}]},"36":{"type":"branch","line":104,"loc":{"start":{"line":104,"column":20},"end":{"line":106,"column":4}},"locations":[{"start":{"line":104,"column":20},"end":{"line":106,"column":4}}]},"37":{"type":"branch","line":109,"loc":{"start":{"line":109,"column":2},"end":{"line":112,"column":4}},"locations":[{"start":{"line":109,"column":2},"end":{"line":112,"column":4}}]},"38":{"type":"branch","line":110,"loc":{"start":{"line":110,"column":20},"end":{"line":110,"column":58}},"locations":[{"start":{"line":110,"column":20},"end":{"line":110,"column":58}}]},"39":{"type":"branch","line":113,"loc":{"start":{"line":113,"column":2},"end":{"line":119,"column":4}},"locations":[{"start":{"line":113,"column":2},"end":{"line":119,"column":4}}]},"40":{"type":"branch","line":114,"loc":{"start":{"line":114,"column":20},"end":{"line":117,"column":4}},"locations":[{"start":{"line":114,"column":20},"end":{"line":117,"column":4}}]},"41":{"type":"branch","line":120,"loc":{"start":{"line":120,"column":2},"end":{"line":126,"column":4}},"locations":[{"start":{"line":120,"column":2},"end":{"line":126,"column":4}}]},"42":{"type":"branch","line":121,"loc":{"start":{"line":121,"column":20},"end":{"line":124,"column":4}},"locations":[{"start":{"line":121,"column":20},"end":{"line":124,"column":4}}]},"43":{"type":"branch","line":127,"loc":{"start":{"line":127,"column":2},"end":{"line":132,"column":4}},"locations":[{"start":{"line":127,"column":2},"end":{"line":132,"column":4}}]},"44":{"type":"branch","line":128,"loc":{"start":{"line":128,"column":20},"end":{"line":130,"column":4}},"locations":[{"start":{"line":128,"column":20},"end":{"line":130,"column":4}}]},"45":{"type":"branch","line":133,"loc":{"start":{"line":133,"column":2},"end":{"line":138,"column":4}},"locations":[{"start":{"line":133,"column":2},"end":{"line":138,"column":4}}]},"46":{"type":"branch","line":134,"loc":{"start":{"line":134,"column":20},"end":{"line":136,"column":4}},"locations":[{"start":{"line":134,"column":20},"end":{"line":136,"column":4}}]},"47":{"type":"branch","line":139,"loc":{"start":{"line":139,"column":2},"end":{"line":144,"column":4}},"locations":[{"start":{"line":139,"column":2},"end":{"line":144,"column":4}}]},"48":{"type":"branch","line":140,"loc":{"start":{"line":140,"column":20},"end":{"line":142,"column":4}},"locations":[{"start":{"line":140,"column":20},"end":{"line":142,"column":4}}]},"49":{"type":"branch","line":145,"loc":{"start":{"line":145,"column":2},"end":{"line":151,"column":4}},"locations":[{"start":{"line":145,"column":2},"end":{"line":151,"column":4}}]},"50":{"type":"branch","line":146,"loc":{"start":{"line":146,"column":20},"end":{"line":149,"column":4}},"locations":[{"start":{"line":146,"column":20},"end":{"line":149,"column":4}}]}},"b":{"0":[14],"1":[13],"2":[1],"3":[1],"4":[1],"5":[1],"6":[1],"7":[1],"8":[2],"9":[2],"10":[1],"11":[1],"12":[4],"13":[4],"14":[1],"15":[1],"16":[1],"17":[1],"18":[15],"19":[1],"20":[1],"21":[2],"22":[2],"23":[2],"24":[2],"25":[3],"26":[2],"27":[1],"28":[3],"29":[3],"30":[1],"31":[1],"32":[1],"33":[2],"34":[2],"35":[1],"36":[1],"37":[2],"38":[2],"39":[1],"40":[1],"41":[1],"42":[1],"43":[1],"44":[1],"45":[1],"46":[1],"47":[1],"48":[1],"49":[1],"50":[1]},"fnMap":{"0":{"name":"$","decl":{"start":{"line":15,"column":17},"end":{"line":155,"column":2}},"loc":{"start":{"line":15,"column":17},"end":{"line":155,"column":2}},"line":15},"1":{"name":"on","decl":{"start":{"line":32,"column":2},"end":{"line":35,"column":4}},"loc":{"start":{"line":32,"column":2},"end":{"line":35,"column":4}},"line":32},"2":{"name":"off","decl":{"start":{"line":36,"column":2},"end":{"line":39,"column":4}},"loc":{"start":{"line":36,"column":2},"end":{"line":39,"column":4}},"line":36},"3":{"name":"addClass","decl":{"start":{"line":40,"column":2},"end":{"line":43,"column":4}},"loc":{"start":{"line":40,"column":2},"end":{"line":43,"column":4}},"line":40},"4":{"name":"removeClass","decl":{"start":{"line":44,"column":2},"end":{"line":47,"column":4}},"loc":{"start":{"line":44,"column":2},"end":{"line":47,"column":4}},"line":44},"5":{"name":"hasClass","decl":{"start":{"line":48,"column":2},"end":{"line":50,"column":4}},"loc":{"start":{"line":48,"column":2},"end":{"line":50,"column":4}},"line":48},"6":{"name":"hide","decl":{"start":{"line":51,"column":2},"end":{"line":56,"column":4}},"loc":{"start":{"line":51,"column":2},"end":{"line":56,"column":4}},"line":51},"7":{"name":"show","decl":{"start":{"line":57,"column":2},"end":{"line":62,"column":4}},"loc":{"start":{"line":57,"column":2},"end":{"line":62,"column":4}},"line":57},"8":{"name":"get","decl":{"start":{"line":63,"column":2},"end":{"line":65,"column":4}},"loc":{"start":{"line":63,"column":2},"end":{"line":65,"column":4}},"line":63},"9":{"name":"animate","decl":{"start":{"line":66,"column":2},"end":{"line":72,"column":4}},"loc":{"start":{"line":66,"column":2},"end":{"line":72,"column":4}},"line":66},"10":{"name":"css","decl":{"start":{"line":73,"column":2},"end":{"line":76,"column":4}},"loc":{"start":{"line":73,"column":2},"end":{"line":76,"column":4}},"line":73},"11":{"name":"setAttributes","decl":{"start":{"line":77,"column":2},"end":{"line":84,"column":4}},"loc":{"start":{"line":77,"column":2},"end":{"line":84,"column":4}},"line":77},"12":{"name":"getAttribute","decl":{"start":{"line":85,"column":2},"end":{"line":87,"column":4}},"loc":{"start":{"line":85,"column":2},"end":{"line":87,"column":4}},"line":85},"13":{"name":"hasAttribute","decl":{"start":{"line":88,"column":2},"end":{"line":90,"column":4}},"loc":{"start":{"line":88,"column":2},"end":{"line":90,"column":4}},"line":88},"14":{"name":"removeAttributes","decl":{"start":{"line":91,"column":2},"end":{"line":96,"column":4}},"loc":{"start":{"line":91,"column":2},"end":{"line":96,"column":4}},"line":91},"15":{"name":"setText","decl":{"start":{"line":97,"column":2},"end":{"line":102,"column":4}},"loc":{"start":{"line":97,"column":2},"end":{"line":102,"column":4}},"line":97},"16":{"name":"setHTML","decl":{"start":{"line":103,"column":2},"end":{"line":108,"column":4}},"loc":{"start":{"line":103,"column":2},"end":{"line":108,"column":4}},"line":103},"17":{"name":"toggleClass","decl":{"start":{"line":109,"column":2},"end":{"line":112,"column":4}},"loc":{"start":{"line":109,"column":2},"end":{"line":112,"column":4}},"line":109},"18":{"name":"fadeIn","decl":{"start":{"line":113,"column":2},"end":{"line":119,"column":4}},"loc":{"start":{"line":113,"column":2},"end":{"line":119,"column":4}},"line":113},"19":{"name":"fadeOut","decl":{"start":{"line":120,"column":2},"end":{"line":126,"column":4}},"loc":{"start":{"line":120,"column":2},"end":{"line":126,"column":4}},"line":120},"20":{"name":"append","decl":{"start":{"line":127,"column":2},"end":{"line":132,"column":4}},"loc":{"start":{"line":127,"column":2},"end":{"line":132,"column":4}},"line":127},"21":{"name":"prepend","decl":{"start":{"line":133,"column":2},"end":{"line":138,"column":4}},"loc":{"start":{"line":133,"column":2},"end":{"line":138,"column":4}},"line":133},"22":{"name":"remove","decl":{"start":{"line":139,"column":2},"end":{"line":144,"column":4}},"loc":{"start":{"line":139,"column":2},"end":{"line":144,"column":4}},"line":139},"23":{"name":"cloneElement","decl":{"start":{"line":145,"column":2},"end":{"line":151,"column":4}},"loc":{"start":{"line":145,"column":2},"end":{"line":151,"column":4}},"line":145}},"f":{"0":14,"1":1,"2":1,"3":2,"4":1,"5":4,"6":1,"7":1,"8":15,"9":1,"10":2,"11":2,"12":2,"13":3,"14":1,"15":2,"16":1,"17":2,"18":1,"19":1,"20":1,"21":1,"22":1,"23":1}}
,"W:\\projects\\lib\\src\\scripts\\eventBroker.ts": {"path":"W:\\projects\\lib\\src\\scripts\\eventBroker.ts","all":false,"statementMap":{"2":{"start":{"line":3,"column":0},"end":{"line":3,"column":47}},"3":{"start":{"line":4,"column":0},"end":{"line":4,"column":26}},"4":{"start":{"line":5,"column":0},"end":{"line":5,"column":13}},"5":{"start":{"line":6,"column":0},"end":{"line":6,"column":43}},"6":{"start":{"line":7,"column":0},"end":{"line":7,"column":3}},"7":{"start":{"line":8,"column":0},"end":{"line":8,"column":11}},"8":{"start":{"line":9,"column":0},"end":{"line":9,"column":37}},"9":{"start":{"line":10,"column":0},"end":{"line":10,"column":22}},"10":{"start":{"line":11,"column":0},"end":{"line":11,"column":3}},"11":{"start":{"line":12,"column":0},"end":{"line":12,"column":12}},"12":{"start":{"line":13,"column":0},"end":{"line":13,"column":60}},"14":{"start":{"line":15,"column":0},"end":{"line":15,"column":62}},"15":{"start":{"line":16,"column":0},"end":{"line":16,"column":15}},"16":{"start":{"line":17,"column":0},"end":{"line":17,"column":28}},"17":{"start":{"line":18,"column":0},"end":{"line":18,"column":52}},"18":{"start":{"line":19,"column":0},"end":{"line":19,"column":3}},"19":{"start":{"line":20,"column":0},"end":{"line":20,"column":3}},"20":{"start":{"line":21,"column":0},"end":{"line":21,"column":3}},"22":{"start":{"line":23,"column":0},"end":{"line":23,"column":33}}},"s":{"2":1,"3":1,"4":1,"5":5,"6":5,"7":1,"8":8,"9":8,"10":8,"11":1,"12":6,"14":3,"15":3,"16":3,"17":3,"18":3,"19":6,"20":1,"22":1},"branchMap":{"0":{"type":"branch","line":3,"loc":{"start":{"line":3,"column":26},"end":{"line":21,"column":3}},"locations":[{"start":{"line":3,"column":26},"end":{"line":21,"column":3}}]},"1":{"type":"branch","line":5,"loc":{"start":{"line":5,"column":1},"end":{"line":7,"column":3}},"locations":[{"start":{"line":5,"column":1},"end":{"line":7,"column":3}}]},"2":{"type":"branch","line":6,"loc":{"start":{"line":6,"column":13},"end":{"line":6,"column":22}},"locations":[{"start":{"line":6,"column":13},"end":{"line":6,"column":22}}]},"3":{"type":"branch","line":6,"loc":{"start":{"line":6,"column":30},"end":{"line":6,"column":41}},"locations":[{"start":{"line":6,"column":30},"end":{"line":6,"column":41}}]},"4":{"type":"branch","line":8,"loc":{"start":{"line":8,"column":1},"end":{"line":11,"column":3}},"locations":[{"start":{"line":8,"column":1},"end":{"line":11,"column":3}}]},"5":{"type":"branch","line":9,"loc":{"start":{"line":9,"column":20},"end":{"line":9,"column":37}},"locations":[{"start":{"line":9,"column":20},"end":{"line":9,"column":37}}]},"6":{"type":"branch","line":12,"loc":{"start":{"line":12,"column":1},"end":{"line":20,"column":3}},"locations":[{"start":{"line":12,"column":1},"end":{"line":20,"column":3}}]},"7":{"type":"branch","line":13,"loc":{"start":{"line":13,"column":20},"end":{"line":19,"column":3}},"locations":[{"start":{"line":13,"column":20},"end":{"line":19,"column":3}}]},"8":{"type":"branch","line":15,"loc":{"start":{"line":15,"column":34},"end":{"line":15,"column":60}},"locations":[{"start":{"line":15,"column":34},"end":{"line":15,"column":60}}]}},"b":{"0":[1],"1":[5],"2":[2],"3":[4],"4":[8],"5":[7],"6":[6],"7":[3],"8":[3]},"fnMap":{"0":{"name":"createEventBroker","decl":{"start":{"line":3,"column":26},"end":{"line":21,"column":3}},"loc":{"start":{"line":3,"column":26},"end":{"line":21,"column":3}},"line":3},"1":{"name":"emit","decl":{"start":{"line":5,"column":1},"end":{"line":7,"column":3}},"loc":{"start":{"line":5,"column":1},"end":{"line":7,"column":3}},"line":5},"2":{"name":"on","decl":{"start":{"line":8,"column":1},"end":{"line":11,"column":3}},"loc":{"start":{"line":8,"column":1},"end":{"line":11,"column":3}},"line":8},"3":{"name":"off","decl":{"start":{"line":12,"column":1},"end":{"line":20,"column":3}},"loc":{"start":{"line":12,"column":1},"end":{"line":20,"column":3}},"line":12}},"f":{"0":1,"1":5,"2":8,"3":6}}
,"W:\\projects\\lib\\src\\scripts\\index.ts": {"path":"W:\\projects\\lib\\src\\scripts\\index.ts","all":false,"statementMap":{"0":{"start":{"line":1,"column":0},"end":{"line":1,"column":27}}},"s":{"0":1},"branchMap":{},"b":{},"fnMap":{},"f":{}}
,"W:\\projects\\lib\\src\\scripts\\storeCreator.ts": {"path":"W:\\projects\\lib\\src\\scripts\\storeCreator.ts","all":false,"statementMap":{"44":{"start":{"line":45,"column":0},"end":{"line":45,"column":19}},"45":{"start":{"line":46,"column":0},"end":{"line":46,"column":19}},"46":{"start":{"line":47,"column":0},"end":{"line":47,"column":54}},"48":{"start":{"line":49,"column":0},"end":{"line":49,"column":32}},"49":{"start":{"line":50,"column":0},"end":{"line":50,"column":30}},"50":{"start":{"line":51,"column":0},"end":{"line":51,"column":3}},"62":{"start":{"line":63,"column":0},"end":{"line":63,"column":12}},"63":{"start":{"line":64,"column":0},"end":{"line":64,"column":22}},"64":{"start":{"line":65,"column":0},"end":{"line":65,"column":3}},"77":{"start":{"line":78,"column":0},"end":{"line":78,"column":39}},"78":{"start":{"line":79,"column":0},"end":{"line":79,"column":24}},"79":{"start":{"line":80,"column":0},"end":{"line":80,"column":87}},"81":{"start":{"line":82,"column":0},"end":{"line":82,"column":38}},"82":{"start":{"line":83,"column":0},"end":{"line":83,"column":32}},"83":{"start":{"line":84,"column":0},"end":{"line":84,"column":20}},"84":{"start":{"line":85,"column":0},"end":{"line":85,"column":5}},"85":{"start":{"line":86,"column":0},"end":{"line":86,"column":3}},"98":{"start":{"line":99,"column":0},"end":{"line":99,"column":52}},"99":{"start":{"line":100,"column":0},"end":{"line":100,"column":37}},"100":{"start":{"line":101,"column":0},"end":{"line":101,"column":73}},"101":{"start":{"line":102,"column":0},"end":{"line":102,"column":53}},"102":{"start":{"line":103,"column":0},"end":{"line":103,"column":3}},"110":{"start":{"line":111,"column":0},"end":{"line":111,"column":26}},"111":{"start":{"line":112,"column":0},"end":{"line":112,"column":69}},"112":{"start":{"line":113,"column":0},"end":{"line":113,"column":3}},"113":{"start":{"line":114,"column":0},"end":{"line":114,"column":1}},"128":{"start":{"line":129,"column":0},"end":{"line":129,"column":56}},"129":{"start":{"line":130,"column":0},"end":{"line":130,"column":22}},"130":{"start":{"line":131,"column":0},"end":{"line":131,"column":33}},"131":{"start":{"line":132,"column":0},"end":{"line":132,"column":3}},"132":{"start":{"line":133,"column":0},"end":{"line":133,"column":76}},"133":{"start":{"line":134,"column":0},"end":{"line":134,"column":50}},"134":{"start":{"line":135,"column":0},"end":{"line":135,"column":15}},"135":{"start":{"line":136,"column":0},"end":{"line":136,"column":47}},"137":{"start":{"line":138,"column":0},"end":{"line":138,"column":23}},"138":{"start":{"line":139,"column":0},"end":{"line":139,"column":48}},"139":{"start":{"line":140,"column":0},"end":{"line":140,"column":83}},"141":{"start":{"line":142,"column":0},"end":{"line":142,"column":44}},"142":{"start":{"line":143,"column":0},"end":{"line":143,"column":21}},"143":{"start":{"line":144,"column":0},"end":{"line":144,"column":11}},"144":{"start":{"line":145,"column":0},"end":{"line":145,"column":51}},"145":{"start":{"line":146,"column":0},"end":{"line":146,"column":56}},"146":{"start":{"line":147,"column":0},"end":{"line":147,"column":34}},"147":{"start":{"line":148,"column":0},"end":{"line":148,"column":70}},"148":{"start":{"line":149,"column":0},"end":{"line":149,"column":11}},"149":{"start":{"line":150,"column":0},"end":{"line":150,"column":11}},"150":{"start":{"line":151,"column":0},"end":{"line":151,"column":19}},"151":{"start":{"line":152,"column":0},"end":{"line":152,"column":57}},"152":{"start":{"line":153,"column":0},"end":{"line":153,"column":7}},"153":{"start":{"line":154,"column":0},"end":{"line":154,"column":5}},"155":{"start":{"line":156,"column":0},"end":{"line":156,"column":62}},"156":{"start":{"line":157,"column":0},"end":{"line":157,"column":32}},"157":{"start":{"line":158,"column":0},"end":{"line":158,"column":90}},"158":{"start":{"line":159,"column":0},"end":{"line":159,"column":56}},"159":{"start":{"line":160,"column":0},"end":{"line":160,"column":21}},"160":{"start":{"line":161,"column":0},"end":{"line":161,"column":24}},"161":{"start":{"line":162,"column":0},"end":{"line":162,"column":59}},"162":{"start":{"line":163,"column":0},"end":{"line":163,"column":9}},"163":{"start":{"line":164,"column":0},"end":{"line":164,"column":7}},"164":{"start":{"line":165,"column":0},"end":{"line":165,"column":3}},"166":{"start":{"line":167,"column":0},"end":{"line":167,"column":10}},"167":{"start":{"line":168,"column":0},"end":{"line":168,"column":10}},"168":{"start":{"line":169,"column":0},"end":{"line":169,"column":50}},"169":{"start":{"line":170,"column":0},"end":{"line":170,"column":30}},"170":{"start":{"line":171,"column":0},"end":{"line":171,"column":6}},"171":{"start":{"line":172,"column":0},"end":{"line":172,"column":83}},"172":{"start":{"line":173,"column":0},"end":{"line":173,"column":28}},"173":{"start":{"line":174,"column":0},"end":{"line":174,"column":6}},"174":{"start":{"line":175,"column":0},"end":{"line":175,"column":92}},"175":{"start":{"line":176,"column":0},"end":{"line":176,"column":46}},"176":{"start":{"line":177,"column":0},"end":{"line":177,"column":6}},"177":{"start":{"line":178,"column":0},"end":{"line":178,"column":4}},"178":{"start":{"line":179,"column":0},"end":{"line":179,"column":1}}},"s":{"44":1,"45":8,"46":8,"48":8,"49":8,"50":8,"62":8,"63":11,"64":11,"77":8,"78":6,"79":6,"81":6,"82":6,"83":6,"84":6,"85":6,"98":8,"99":6,"100":6,"101":6,"102":6,"110":8,"111":6,"112":6,"113":8,"128":8,"129":8,"130":8,"131":8,"132":8,"133":8,"134":8,"135":8,"137":8,"138":4,"139":4,"141":4,"142":4,"143":2,"144":2,"145":2,"146":2,"147":2,"148":2,"149":2,"150":2,"151":0,"152":0,"153":2,"155":4,"156":4,"157":6,"158":6,"159":6,"160":6,"161":6,"162":4,"163":4,"164":4,"166":8,"167":8,"168":8,"169":5,"170":5,"171":8,"172":4,"173":4,"174":8,"175":2,"176":2,"177":8,"178":8},"branchMap":{"0":{"type":"branch","line":45,"loc":{"start":{"line":45,"column":18},"end":{"line":114,"column":1}},"locations":[{"start":{"line":45,"column":18},"end":{"line":114,"column":1}}]},"1":{"type":"branch","line":49,"loc":{"start":{"line":49,"column":2},"end":{"line":51,"column":3}},"locations":[{"start":{"line":49,"column":2},"end":{"line":51,"column":3}}]},"2":{"type":"branch","line":63,"loc":{"start":{"line":63,"column":2},"end":{"line":65,"column":3}},"locations":[{"start":{"line":63,"column":2},"end":{"line":65,"column":3}}]},"3":{"type":"branch","line":78,"loc":{"start":{"line":78,"column":2},"end":{"line":86,"column":3}},"locations":[{"start":{"line":78,"column":2},"end":{"line":86,"column":3}}]},"4":{"type":"branch","line":80,"loc":{"start":{"line":80,"column":26},"end":{"line":80,"column":78}},"locations":[{"start":{"line":80,"column":26},"end":{"line":80,"column":78}}]},"5":{"type":"branch","line":80,"loc":{"start":{"line":80,"column":74},"end":{"line":80,"column":87}},"locations":[{"start":{"line":80,"column":74},"end":{"line":80,"column":87}}]},"6":{"type":"branch","line":99,"loc":{"start":{"line":99,"column":2},"end":{"line":103,"column":3}},"locations":[{"start":{"line":99,"column":2},"end":{"line":103,"column":3}}]},"7":{"type":"branch","line":111,"loc":{"start":{"line":111,"column":10},"end":{"line":113,"column":3}},"locations":[{"start":{"line":111,"column":10},"end":{"line":113,"column":3}}]},"8":{"type":"branch","line":112,"loc":{"start":{"line":112,"column":29},"end":{"line":112,"column":67}},"locations":[{"start":{"line":112,"column":29},"end":{"line":112,"column":67}}]},"9":{"type":"branch","line":129,"loc":{"start":{"line":129,"column":0},"end":{"line":179,"column":1}},"locations":[{"start":{"line":129,"column":0},"end":{"line":179,"column":1}}]},"10":{"type":"branch","line":138,"loc":{"start":{"line":138,"column":22},"end":{"line":165,"column":3}},"locations":[{"start":{"line":138,"column":22},"end":{"line":165,"column":3}}]},"11":{"type":"branch","line":140,"loc":{"start":{"line":140,"column":36},"end":{"line":140,"column":68}},"locations":[{"start":{"line":140,"column":36},"end":{"line":140,"column":68}}]},"12":{"type":"branch","line":140,"loc":{"start":{"line":140,"column":53},"end":{"line":140,"column":83}},"locations":[{"start":{"line":140,"column":53},"end":{"line":140,"column":83}}]},"13":{"type":"branch","line":143,"loc":{"start":{"line":143,"column":20},"end":{"line":154,"column":5}},"locations":[{"start":{"line":143,"column":20},"end":{"line":154,"column":5}}]},"14":{"type":"branch","line":151,"loc":{"start":{"line":151,"column":6},"end":{"line":153,"column":7}},"locations":[{"start":{"line":151,"column":6},"end":{"line":153,"column":7}}]},"15":{"type":"branch","line":133,"loc":{"start":{"line":133,"column":52},"end":{"line":136,"column":5}},"locations":[{"start":{"line":133,"column":52},"end":{"line":136,"column":5}}]},"16":{"type":"branch","line":146,"loc":{"start":{"line":146,"column":41},"end":{"line":150,"column":9}},"locations":[{"start":{"line":146,"column":41},"end":{"line":150,"column":9}}]},"17":{"type":"branch","line":156,"loc":{"start":{"line":156,"column":34},"end":{"line":164,"column":5}},"locations":[{"start":{"line":156,"column":34},"end":{"line":164,"column":5}}]},"18":{"type":"branch","line":157,"loc":{"start":{"line":157,"column":25},"end":{"line":163,"column":7}},"locations":[{"start":{"line":157,"column":25},"end":{"line":163,"column":7}}]},"19":{"type":"branch","line":158,"loc":{"start":{"line":158,"column":58},"end":{"line":161,"column":11}},"locations":[{"start":{"line":158,"column":58},"end":{"line":161,"column":11}}]},"20":{"type":"branch","line":169,"loc":{"start":{"line":169,"column":4},"end":{"line":171,"column":6}},"locations":[{"start":{"line":169,"column":4},"end":{"line":171,"column":6}}]},"21":{"type":"branch","line":172,"loc":{"start":{"line":172,"column":4},"end":{"line":174,"column":6}},"locations":[{"start":{"line":172,"column":4},"end":{"line":174,"column":6}}]},"22":{"type":"branch","line":175,"loc":{"start":{"line":175,"column":4},"end":{"line":177,"column":6}},"locations":[{"start":{"line":175,"column":4},"end":{"line":177,"column":6}}]}},"b":{"0":[8],"1":[8],"2":[11],"3":[6],"4":[1],"5":[5],"6":[6],"7":[6],"8":[3],"9":[8],"10":[4],"11":[2],"12":[2],"13":[2],"14":[0],"15":[8],"16":[2],"17":[4],"18":[6],"19":[6],"20":[5],"21":[4],"22":[2]},"fnMap":{"0":{"name":"<instance_members_initializer>","decl":{"start":{"line":45,"column":18},"end":{"line":114,"column":1}},"loc":{"start":{"line":45,"column":18},"end":{"line":114,"column":1}},"line":45},"1":{"name":"Reactive","decl":{"start":{"line":49,"column":2},"end":{"line":51,"column":3}},"loc":{"start":{"line":49,"column":2},"end":{"line":51,"column":3}},"line":49},"2":{"name":"get","decl":{"start":{"line":63,"column":2},"end":{"line":65,"column":3}},"loc":{"start":{"line":63,"column":2},"end":{"line":65,"column":3}},"line":63},"3":{"name":"set","decl":{"start":{"line":78,"column":2},"end":{"line":86,"column":3}},"loc":{"start":{"line":78,"column":2},"end":{"line":86,"column":3}},"line":78},"4":{"name":"subscribe","decl":{"start":{"line":99,"column":2},"end":{"line":103,"column":3}},"loc":{"start":{"line":99,"column":2},"end":{"line":103,"column":3}},"line":99},"5":{"name":"notify","decl":{"start":{"line":111,"column":10},"end":{"line":113,"column":3}},"loc":{"start":{"line":111,"column":10},"end":{"line":113,"column":3}},"line":111},"6":{"name":"createStore","decl":{"start":{"line":129,"column":0},"end":{"line":179,"column":1}},"loc":{"start":{"line":129,"column":0},"end":{"line":179,"column":1}},"line":129},"7":{"name":"get","decl":{"start":{"line":169,"column":4},"end":{"line":171,"column":6}},"loc":{"start":{"line":169,"column":4},"end":{"line":171,"column":6}},"line":169},"8":{"name":"set","decl":{"start":{"line":172,"column":4},"end":{"line":174,"column":6}},"loc":{"start":{"line":172,"column":4},"end":{"line":174,"column":6}},"line":172},"9":{"name":"subscribe","decl":{"start":{"line":175,"column":4},"end":{"line":177,"column":6}},"loc":{"start":{"line":175,"column":4},"end":{"line":177,"column":6}},"line":175}},"f":{"0":8,"1":8,"2":11,"3":6,"4":6,"5":6,"6":8,"7":5,"8":4,"9":2}}
,"W:\\projects\\lib\\src\\scripts\\types.ts": {"path":"W:\\projects\\lib\\src\\scripts\\types.ts","all":true,"statementMap":{},"s":{},"branchMap":{"0":{"type":"branch","line":1,"loc":{"start":{"line":1,"column":6737},"end":{"line":200,"column":20}},"locations":[{"start":{"line":1,"column":6737},"end":{"line":200,"column":20}}]}},"b":{"0":[1]},"fnMap":{"0":{"name":"(empty-report)","decl":{"start":{"line":1,"column":6737},"end":{"line":200,"column":20}},"loc":{"start":{"line":1,"column":6737},"end":{"line":200,"column":20}},"line":1}},"f":{"0":1}}
,"W:\\projects\\lib\\src\\scripts\\utils.ts": {"path":"W:\\projects\\lib\\src\\scripts\\utils.ts","all":false,"statementMap":{"9":{"start":{"line":10,"column":0},"end":{"line":10,"column":88}},"10":{"start":{"line":11,"column":0},"end":{"line":11,"column":14}},"11":{"start":{"line":12,"column":0},"end":{"line":12,"column":10}},"12":{"start":{"line":13,"column":0},"end":{"line":13,"column":22}},"13":{"start":{"line":14,"column":0},"end":{"line":14,"column":50}},"14":{"start":{"line":15,"column":0},"end":{"line":15,"column":21}},"15":{"start":{"line":16,"column":0},"end":{"line":16,"column":37}},"16":{"start":{"line":17,"column":0},"end":{"line":17,"column":14}},"17":{"start":{"line":18,"column":0},"end":{"line":18,"column":15}},"18":{"start":{"line":19,"column":0},"end":{"line":19,"column":2}}},"s":{"9":1,"10":3,"11":3,"12":3,"13":3,"14":3,"15":3,"16":3,"17":3,"18":3},"branchMap":{"0":{"type":"branch","line":10,"loc":{"start":{"line":10,"column":48},"end":{"line":19,"column":2}},"locations":[{"start":{"line":10,"column":48},"end":{"line":19,"column":2}}]},"1":{"type":"branch","line":14,"loc":{"start":{"line":14,"column":36},"end":{"line":14,"column":48}},"locations":[{"start":{"line":14,"column":36},"end":{"line":14,"column":48}}]}},"b":{"0":[3],"1":[2]},"fnMap":{"0":{"name":"createElFromStr","decl":{"start":{"line":10,"column":48},"end":{"line":19,"column":2}},"loc":{"start":{"line":10,"column":48},"end":{"line":19,"column":2}},"line":10}},"f":{"0":3}}
,"W:\\projects\\lib\\src\\tests\\_lib.test.ts": {"path":"W:\\projects\\lib\\src\\tests\\_lib.test.ts","all":false,"statementMap":{"0":{"start":{"line":1,"column":0},"end":{"line":1,"column":62}},"2":{"start":{"line":3,"column":0},"end":{"line":3,"column":36}},"4":{"start":{"line":5,"column":0},"end":{"line":5,"column":30}},"5":{"start":{"line":6,"column":0},"end":{"line":6,"column":19}},"6":{"start":{"line":7,"column":0},"end":{"line":7,"column":29}},"11":{"start":{"line":12,"column":0},"end":{"line":12,"column":25}},"13":{"start":{"line":14,"column":0},"end":{"line":14,"column":38}},"14":{"start":{"line":15,"column":0},"end":{"line":15,"column":4}},"16":{"start":{"line":17,"column":0},"end":{"line":17,"column":53}},"17":{"start":{"line":18,"column":0},"end":{"line":18,"column":30}},"18":{"start":{"line":19,"column":0},"end":{"line":19,"column":40}},"19":{"start":{"line":20,"column":0},"end":{"line":20,"column":66}},"20":{"start":{"line":21,"column":0},"end":{"line":21,"column":4}},"22":{"start":{"line":23,"column":0},"end":{"line":23,"column":46}},"23":{"start":{"line":24,"column":0},"end":{"line":24,"column":44}},"24":{"start":{"line":25,"column":0},"end":{"line":25,"column":26}},"25":{"start":{"line":26,"column":0},"end":{"line":26,"column":40}},"26":{"start":{"line":27,"column":0},"end":{"line":27,"column":38}},"27":{"start":{"line":28,"column":0},"end":{"line":28,"column":4}},"29":{"start":{"line":30,"column":0},"end":{"line":30,"column":49}},"30":{"start":{"line":31,"column":0},"end":{"line":31,"column":21}},"31":{"start":{"line":32,"column":0},"end":{"line":32,"column":71}},"32":{"start":{"line":33,"column":0},"end":{"line":33,"column":4}},"34":{"start":{"line":35,"column":0},"end":{"line":35,"column":44}},"35":{"start":{"line":36,"column":0},"end":{"line":36,"column":27}},"36":{"start":{"line":37,"column":0},"end":{"line":37,"column":58}},"38":{"start":{"line":39,"column":0},"end":{"line":39,"column":22}},"39":{"start":{"line":40,"column":0},"end":{"line":40,"column":38}},"41":{"start":{"line":42,"column":0},"end":{"line":42,"column":36}},"42":{"start":{"line":43,"column":0},"end":{"line":43,"column":22}},"43":{"start":{"line":44,"column":0},"end":{"line":44,"column":44}},"44":{"start":{"line":45,"column":0},"end":{"line":45,"column":4}},"46":{"start":{"line":47,"column":0},"end":{"line":47,"column":45}},"47":{"start":{"line":48,"column":0},"end":{"line":48,"column":30}},"49":{"start":{"line":50,"column":0},"end":{"line":50,"column":33}},"50":{"start":{"line":51,"column":0},"end":{"line":51,"column":52}},"52":{"start":{"line":53,"column":0},"end":{"line":53,"column":36}},"53":{"start":{"line":54,"column":0},"end":{"line":54,"column":53}},"55":{"start":{"line":56,"column":0},"end":{"line":56,"column":39}},"56":{"start":{"line":57,"column":0},"end":{"line":57,"column":55}},"58":{"start":{"line":59,"column":0},"end":{"line":59,"column":39}},"59":{"start":{"line":60,"column":0},"end":{"line":60,"column":56}},"60":{"start":{"line":61,"column":0},"end":{"line":61,"column":4}},"62":{"start":{"line":63,"column":0},"end":{"line":63,"column":39}},"63":{"start":{"line":64,"column":0},"end":{"line":64,"column":30}},"65":{"start":{"line":66,"column":0},"end":{"line":66,"column":18}},"66":{"start":{"line":67,"column":0},"end":{"line":67,"column":55}},"68":{"start":{"line":69,"column":0},"end":{"line":69,"column":18}},"69":{"start":{"line":70,"column":0},"end":{"line":70,"column":51}},"70":{"start":{"line":71,"column":0},"end":{"line":71,"column":4}},"72":{"start":{"line":73,"column":0},"end":{"line":73,"column":39}},"73":{"start":{"line":74,"column":0},"end":{"line":74,"column":30}},"74":{"start":{"line":75,"column":0},"end":{"line":75,"column":53}},"75":{"start":{"line":76,"column":0},"end":{"line":76,"column":37}},"76":{"start":{"line":77,"column":0},"end":{"line":77,"column":60}},"78":{"start":{"line":79,"column":0},"end":{"line":79,"column":39}},"79":{"start":{"line":80,"column":0},"end":{"line":80,"column":62}},"81":{"start":{"line":82,"column":0},"end":{"line":82,"column":23}},"82":{"start":{"line":83,"column":0},"end":{"line":83,"column":52}},"84":{"start":{"line":85,"column":0},"end":{"line":85,"column":24}},"85":{"start":{"line":86,"column":0},"end":{"line":86,"column":52}},"86":{"start":{"line":87,"column":0},"end":{"line":87,"column":4}},"88":{"start":{"line":89,"column":0},"end":{"line":89,"column":50}},"89":{"start":{"line":90,"column":0},"end":{"line":90,"column":30}},"91":{"start":{"line":92,"column":0},"end":{"line":92,"column":58}},"92":{"start":{"line":93,"column":0},"end":{"line":93,"column":52}},"94":{"start":{"line":95,"column":0},"end":{"line":95,"column":73}},"95":{"start":{"line":96,"column":0},"end":{"line":96,"column":59}},"96":{"start":{"line":97,"column":0},"end":{"line":97,"column":56}},"98":{"start":{"line":99,"column":0},"end":{"line":99,"column":43}},"99":{"start":{"line":100,"column":0},"end":{"line":100,"column":57}},"100":{"start":{"line":101,"column":0},"end":{"line":101,"column":4}},"102":{"start":{"line":103,"column":0},"end":{"line":103,"column":49}},"103":{"start":{"line":104,"column":0},"end":{"line":104,"column":30}},"105":{"start":{"line":106,"column":0},"end":{"line":106,"column":31}},"106":{"start":{"line":107,"column":0},"end":{"line":107,"column":57}},"108":{"start":{"line":109,"column":0},"end":{"line":109,"column":38}},"109":{"start":{"line":110,"column":0},"end":{"line":110,"column":62}},"111":{"start":{"line":112,"column":0},"end":{"line":112,"column":43}},"112":{"start":{"line":113,"column":0},"end":{"line":113,"column":83}},"114":{"start":{"line":115,"column":0},"end":{"line":115,"column":43}},"115":{"start":{"line":116,"column":0},"end":{"line":116,"column":43}},"116":{"start":{"line":117,"column":0},"end":{"line":117,"column":62}},"117":{"start":{"line":118,"column":0},"end":{"line":118,"column":4}},"118":{"start":{"line":119,"column":0},"end":{"line":119,"column":4}},"120":{"start":{"line":121,"column":0},"end":{"line":121,"column":56}},"121":{"start":{"line":122,"column":0},"end":{"line":122,"column":49}},"122":{"start":{"line":123,"column":0},"end":{"line":123,"column":23}},"123":{"start":{"line":124,"column":0},"end":{"line":124,"column":53}},"125":{"start":{"line":126,"column":0},"end":{"line":126,"column":30}},"126":{"start":{"line":127,"column":0},"end":{"line":127,"column":26}},"127":{"start":{"line":128,"column":0},"end":{"line":128,"column":60}},"128":{"start":{"line":129,"column":0},"end":{"line":129,"column":4}},"130":{"start":{"line":131,"column":0},"end":{"line":131,"column":49}},"131":{"start":{"line":132,"column":0},"end":{"line":132,"column":30}},"133":{"start":{"line":134,"column":0},"end":{"line":134,"column":60}},"134":{"start":{"line":135,"column":0},"end":{"line":135,"column":60}},"135":{"start":{"line":136,"column":0},"end":{"line":136,"column":4}},"137":{"start":{"line":138,"column":0},"end":{"line":138,"column":45}},"138":{"start":{"line":139,"column":0},"end":{"line":139,"column":27}},"139":{"start":{"line":140,"column":0},"end":{"line":140,"column":25}},"140":{"start":{"line":141,"column":0},"end":{"line":141,"column":25}},"141":{"start":{"line":142,"column":0},"end":{"line":142,"column":43}},"142":{"start":{"line":143,"column":0},"end":{"line":143,"column":19}},"143":{"start":{"line":144,"column":0},"end":{"line":144,"column":10}},"145":{"start":{"line":146,"column":0},"end":{"line":146,"column":63}},"146":{"start":{"line":147,"column":0},"end":{"line":147,"column":44}},"147":{"start":{"line":148,"column":0},"end":{"line":148,"column":60}},"148":{"start":{"line":149,"column":0},"end":{"line":149,"column":45}},"149":{"start":{"line":150,"column":0},"end":{"line":150,"column":4}},"150":{"start":{"line":151,"column":0},"end":{"line":151,"column":3}}},"s":{"0":1,"2":1,"4":1,"5":1,"6":12,"11":12,"13":12,"14":1,"16":1,"17":1,"18":1,"19":1,"20":1,"22":1,"23":1,"24":1,"25":1,"26":1,"27":1,"29":1,"30":1,"31":1,"32":1,"34":1,"35":1,"36":1,"38":1,"39":1,"41":1,"42":1,"43":1,"44":1,"46":1,"47":1,"49":1,"50":1,"52":1,"53":1,"55":1,"56":1,"58":1,"59":1,"60":1,"62":1,"63":1,"65":1,"66":1,"68":1,"69":1,"70":1,"72":1,"73":1,"74":1,"75":1,"76":1,"78":1,"79":1,"81":1,"82":1,"84":1,"85":1,"86":1,"88":1,"89":1,"91":1,"92":1,"94":1,"95":1,"96":1,"98":1,"99":1,"100":1,"102":1,"103":1,"105":1,"106":1,"108":1,"109":1,"111":1,"112":1,"114":1,"115":1,"116":1,"117":1,"118":1,"120":1,"121":1,"122":1,"123":1,"125":1,"126":1,"127":1,"128":1,"130":1,"131":1,"133":1,"134":1,"135":1,"137":1,"138":1,"139":1,"140":1,"141":1,"142":1,"143":1,"145":1,"146":1,"147":1,"148":1,"149":1,"150":1},"branchMap":{"0":{"type":"branch","line":5,"loc":{"start":{"line":5,"column":23},"end":{"line":151,"column":3}},"locations":[{"start":{"line":5,"column":23},"end":{"line":151,"column":3}}]},"1":{"type":"branch","line":6,"loc":{"start":{"line":6,"column":12},"end":{"line":15,"column":2}},"locations":[{"start":{"line":6,"column":12},"end":{"line":15,"column":2}}]},"2":{"type":"branch","line":17,"loc":{"start":{"line":17,"column":46},"end":{"line":21,"column":2}},"locations":[{"start":{"line":17,"column":46},"end":{"line":21,"column":2}}]},"3":{"type":"branch","line":23,"loc":{"start":{"line":23,"column":39},"end":{"line":28,"column":2}},"locations":[{"start":{"line":23,"column":39},"end":{"line":28,"column":2}}]},"4":{"type":"branch","line":30,"loc":{"start":{"line":30,"column":42},"end":{"line":33,"column":2}},"locations":[{"start":{"line":30,"column":42},"end":{"line":33,"column":2}}]},"5":{"type":"branch","line":35,"loc":{"start":{"line":35,"column":37},"end":{"line":45,"column":2}},"locations":[{"start":{"line":35,"column":37},"end":{"line":45,"column":2}}]},"6":{"type":"branch","line":47,"loc":{"start":{"line":47,"column":38},"end":{"line":61,"column":2}},"locations":[{"start":{"line":47,"column":38},"end":{"line":61,"column":2}}]},"7":{"type":"branch","line":63,"loc":{"start":{"line":63,"column":32},"end":{"line":71,"column":2}},"locations":[{"start":{"line":63,"column":32},"end":{"line":71,"column":2}}]},"8":{"type":"branch","line":73,"loc":{"start":{"line":73,"column":32},"end":{"line":87,"column":2}},"locations":[{"start":{"line":73,"column":32},"end":{"line":87,"column":2}}]},"9":{"type":"branch","line":89,"loc":{"start":{"line":89,"column":43},"end":{"line":101,"column":2}},"locations":[{"start":{"line":89,"column":43},"end":{"line":101,"column":2}}]},"10":{"type":"branch","line":103,"loc":{"start":{"line":103,"column":42},"end":{"line":119,"column":2}},"locations":[{"start":{"line":103,"column":42},"end":{"line":119,"column":2}}]},"11":{"type":"branch","line":121,"loc":{"start":{"line":121,"column":49},"end":{"line":129,"column":2}},"locations":[{"start":{"line":121,"column":49},"end":{"line":129,"column":2}}]},"12":{"type":"branch","line":131,"loc":{"start":{"line":131,"column":42},"end":{"line":136,"column":2}},"locations":[{"start":{"line":131,"column":42},"end":{"line":136,"column":2}}]},"13":{"type":"branch","line":138,"loc":{"start":{"line":138,"column":38},"end":{"line":150,"column":2}},"locations":[{"start":{"line":138,"column":38},"end":{"line":150,"column":2}}]}},"b":{"0":[1],"1":[12],"2":[1],"3":[1],"4":[1],"5":[1],"6":[1],"7":[1],"8":[1],"9":[1],"10":[1],"11":[1],"12":[1],"13":[1]},"fnMap":{},"f":{}}
,"W:\\projects\\lib\\src\\tests\\eventBroker.test.ts": {"path":"W:\\projects\\lib\\src\\tests\\eventBroker.test.ts","all":false,"statementMap":{"0":{"start":{"line":1,"column":0},"end":{"line":1,"column":64}},"2":{"start":{"line":3,"column":0},"end":{"line":3,"column":55}},"4":{"start":{"line":5,"column":0},"end":{"line":5,"column":37}},"5":{"start":{"line":6,"column":0},"end":{"line":6,"column":36}},"7":{"start":{"line":8,"column":0},"end":{"line":8,"column":19}},"9":{"start":{"line":10,"column":0},"end":{"line":10,"column":35}},"10":{"start":{"line":11,"column":0},"end":{"line":11,"column":4}},"12":{"start":{"line":13,"column":0},"end":{"line":13,"column":58}},"13":{"start":{"line":14,"column":0},"end":{"line":14,"column":33}},"14":{"start":{"line":15,"column":0},"end":{"line":15,"column":4}},"16":{"start":{"line":17,"column":0},"end":{"line":17,"column":56}},"17":{"start":{"line":18,"column":0},"end":{"line":18,"column":26}},"18":{"start":{"line":19,"column":0},"end":{"line":19,"column":39}},"20":{"start":{"line":21,"column":0},"end":{"line":21,"column":35}},"21":{"start":{"line":22,"column":0},"end":{"line":22,"column":38}},"23":{"start":{"line":24,"column":0},"end":{"line":24,"column":49}},"24":{"start":{"line":25,"column":0},"end":{"line":25,"column":43}},"25":{"start":{"line":26,"column":0},"end":{"line":26,"column":4}},"27":{"start":{"line":28,"column":0},"end":{"line":28,"column":66}},"28":{"start":{"line":29,"column":0},"end":{"line":29,"column":27}},"29":{"start":{"line":30,"column":0},"end":{"line":30,"column":27}},"30":{"start":{"line":31,"column":0},"end":{"line":31,"column":39}},"32":{"start":{"line":33,"column":0},"end":{"line":33,"column":36}},"33":{"start":{"line":34,"column":0},"end":{"line":34,"column":36}},"34":{"start":{"line":35,"column":0},"end":{"line":35,"column":38}},"36":{"start":{"line":37,"column":0},"end":{"line":37,"column":50}},"37":{"start":{"line":38,"column":0},"end":{"line":38,"column":50}},"38":{"start":{"line":39,"column":0},"end":{"line":39,"column":44}},"39":{"start":{"line":40,"column":0},"end":{"line":40,"column":44}},"40":{"start":{"line":41,"column":0},"end":{"line":41,"column":4}},"42":{"start":{"line":43,"column":0},"end":{"line":43,"column":62}},"43":{"start":{"line":44,"column":0},"end":{"line":44,"column":27}},"44":{"start":{"line":45,"column":0},"end":{"line":45,"column":27}},"46":{"start":{"line":47,"column":0},"end":{"line":47,"column":32}},"47":{"start":{"line":48,"column":0},"end":{"line":48,"column":32}},"48":{"start":{"line":49,"column":0},"end":{"line":49,"column":32}},"50":{"start":{"line":51,"column":0},"end":{"line":51,"column":44}},"51":{"start":{"line":52,"column":0},"end":{"line":52,"column":42}},"52":{"start":{"line":53,"column":0},"end":{"line":53,"column":4}},"54":{"start":{"line":55,"column":0},"end":{"line":55,"column":56}},"55":{"start":{"line":56,"column":0},"end":{"line":56,"column":26}},"57":{"start":{"line":58,"column":0},"end":{"line":58,"column":35}},"58":{"start":{"line":59,"column":0},"end":{"line":59,"column":36}},"59":{"start":{"line":60,"column":0},"end":{"line":60,"column":36}},"61":{"start":{"line":62,"column":0},"end":{"line":62,"column":41}},"62":{"start":{"line":63,"column":0},"end":{"line":63,"column":4}},"64":{"start":{"line":65,"column":0},"end":{"line":65,"column":65}},"65":{"start":{"line":66,"column":0},"end":{"line":66,"column":26}},"68":{"start":{"line":69,"column":0},"end":{"line":69,"column":16}},"69":{"start":{"line":70,"column":0},"end":{"line":70,"column":39}},"70":{"start":{"line":71,"column":0},"end":{"line":71,"column":19}},"71":{"start":{"line":72,"column":0},"end":{"line":72,"column":4}},"73":{"start":{"line":74,"column":0},"end":{"line":74,"column":61}},"74":{"start":{"line":75,"column":0},"end":{"line":75,"column":16}},"75":{"start":{"line":76,"column":0},"end":{"line":76,"column":39}},"76":{"start":{"line":77,"column":0},"end":{"line":77,"column":19}},"77":{"start":{"line":78,"column":0},"end":{"line":78,"column":4}},"79":{"start":{"line":80,"column":0},"end":{"line":80,"column":79}},"80":{"start":{"line":81,"column":0},"end":{"line":81,"column":26}},"82":{"start":{"line":83,"column":0},"end":{"line":83,"column":35}},"83":{"start":{"line":84,"column":0},"end":{"line":84,"column":36}},"85":{"start":{"line":86,"column":0},"end":{"line":86,"column":51}},"86":{"start":{"line":87,"column":0},"end":{"line":87,"column":4}},"88":{"start":{"line":89,"column":0},"end":{"line":89,"column":74}},"89":{"start":{"line":90,"column":0},"end":{"line":90,"column":26}},"91":{"start":{"line":92,"column":0},"end":{"line":92,"column":35}},"92":{"start":{"line":93,"column":0},"end":{"line":93,"column":36}},"93":{"start":{"line":94,"column":0},"end":{"line":94,"column":55}},"95":{"start":{"line":96,"column":0},"end":{"line":96,"column":51}},"96":{"start":{"line":97,"column":0},"end":{"line":97,"column":16}},"97":{"start":{"line":98,"column":0},"end":{"line":98,"column":37}},"98":{"start":{"line":99,"column":0},"end":{"line":99,"column":19}},"99":{"start":{"line":100,"column":0},"end":{"line":100,"column":4}},"100":{"start":{"line":101,"column":0},"end":{"line":101,"column":3}}},"s":{"0":1,"2":1,"4":1,"5":1,"7":1,"9":9,"10":1,"12":1,"13":1,"14":1,"16":1,"17":1,"18":1,"20":1,"21":1,"23":1,"24":1,"25":1,"27":1,"28":1,"29":1,"30":1,"32":1,"33":1,"34":1,"36":1,"37":1,"38":1,"39":1,"40":1,"42":1,"43":1,"44":1,"46":1,"47":1,"48":1,"50":1,"51":1,"52":1,"54":1,"55":1,"57":1,"58":1,"59":1,"61":1,"62":1,"64":1,"65":1,"68":1,"69":1,"70":1,"71":1,"73":1,"74":1,"75":1,"76":1,"77":1,"79":1,"80":1,"82":1,"83":1,"85":1,"86":1,"88":1,"89":1,"91":1,"92":1,"93":1,"95":1,"96":1,"97":1,"98":1,"99":1,"100":1},"branchMap":{"0":{"type":"branch","line":5,"loc":{"start":{"line":5,"column":30},"end":{"line":101,"column":3}},"locations":[{"start":{"line":5,"column":30},"end":{"line":101,"column":3}}]},"1":{"type":"branch","line":8,"loc":{"start":{"line":8,"column":12},"end":{"line":11,"column":2}},"locations":[{"start":{"line":8,"column":12},"end":{"line":11,"column":2}}]},"2":{"type":"branch","line":13,"loc":{"start":{"line":13,"column":51},"end":{"line":15,"column":2}},"locations":[{"start":{"line":13,"column":51},"end":{"line":15,"column":2}}]},"3":{"type":"branch","line":17,"loc":{"start":{"line":17,"column":49},"end":{"line":26,"column":2}},"locations":[{"start":{"line":17,"column":49},"end":{"line":26,"column":2}}]},"4":{"type":"branch","line":28,"loc":{"start":{"line":28,"column":59},"end":{"line":41,"column":2}},"locations":[{"start":{"line":28,"column":59},"end":{"line":41,"column":2}}]},"5":{"type":"branch","line":43,"loc":{"start":{"line":43,"column":55},"end":{"line":53,"column":2}},"locations":[{"start":{"line":43,"column":55},"end":{"line":53,"column":2}}]},"6":{"type":"branch","line":55,"loc":{"start":{"line":55,"column":49},"end":{"line":63,"column":2}},"locations":[{"start":{"line":55,"column":49},"end":{"line":63,"column":2}}]},"7":{"type":"branch","line":65,"loc":{"start":{"line":65,"column":58},"end":{"line":72,"column":2}},"locations":[{"start":{"line":65,"column":58},"end":{"line":72,"column":2}}]},"8":{"type":"branch","line":69,"loc":{"start":{"line":69,"column":9},"end":{"line":71,"column":3}},"locations":[{"start":{"line":69,"column":9},"end":{"line":71,"column":3}}]},"9":{"type":"branch","line":74,"loc":{"start":{"line":74,"column":54},"end":{"line":78,"column":2}},"locations":[{"start":{"line":74,"column":54},"end":{"line":78,"column":2}}]},"10":{"type":"branch","line":75,"loc":{"start":{"line":75,"column":9},"end":{"line":77,"column":3}},"locations":[{"start":{"line":75,"column":9},"end":{"line":77,"column":3}}]},"11":{"type":"branch","line":80,"loc":{"start":{"line":80,"column":72},"end":{"line":87,"column":2}},"locations":[{"start":{"line":80,"column":72},"end":{"line":87,"column":2}}]},"12":{"type":"branch","line":89,"loc":{"start":{"line":89,"column":67},"end":{"line":100,"column":2}},"locations":[{"start":{"line":89,"column":67},"end":{"line":100,"column":2}}]},"13":{"type":"branch","line":97,"loc":{"start":{"line":97,"column":9},"end":{"line":99,"column":3}},"locations":[{"start":{"line":97,"column":9},"end":{"line":99,"column":3}}]}},"b":{"0":[1],"1":[9],"2":[1],"3":[1],"4":[1],"5":[1],"6":[1],"7":[1],"8":[1],"9":[1],"10":[1],"11":[1],"12":[1],"13":[1]},"fnMap":{},"f":{}}
,"W:\\projects\\lib\\src\\tests\\index.test.ts": {"path":"W:\\projects\\lib\\src\\tests\\index.test.ts","all":false,"statementMap":{"0":{"start":{"line":1,"column":0},"end":{"line":1,"column":46}},"2":{"start":{"line":3,"column":0},"end":{"line":3,"column":78}},"4":{"start":{"line":5,"column":0},"end":{"line":5,"column":35}},"5":{"start":{"line":6,"column":0},"end":{"line":6,"column":39}},"6":{"start":{"line":7,"column":0},"end":{"line":7,"column":26}},"7":{"start":{"line":8,"column":0},"end":{"line":8,"column":36}},"8":{"start":{"line":9,"column":0},"end":{"line":9,"column":4}},"10":{"start":{"line":11,"column":0},"end":{"line":11,"column":53}},"11":{"start":{"line":12,"column":0},"end":{"line":12,"column":40}},"12":{"start":{"line":13,"column":0},"end":{"line":13,"column":50}},"13":{"start":{"line":14,"column":0},"end":{"line":14,"column":4}},"15":{"start":{"line":16,"column":0},"end":{"line":16,"column":55}},"16":{"start":{"line":17,"column":0},"end":{"line":17,"column":42}},"17":{"start":{"line":18,"column":0},"end":{"line":18,"column":52}},"18":{"start":{"line":19,"column":0},"end":{"line":19,"column":4}},"20":{"start":{"line":21,"column":0},"end":{"line":21,"column":49}},"21":{"start":{"line":22,"column":0},"end":{"line":22,"column":36}},"22":{"start":{"line":23,"column":0},"end":{"line":23,"column":46}},"23":{"start":{"line":24,"column":0},"end":{"line":24,"column":4}},"24":{"start":{"line":25,"column":0},"end":{"line":25,"column":3}}},"s":{"0":1,"2":1,"4":1,"5":1,"6":1,"7":1,"8":1,"10":1,"11":1,"12":1,"13":1,"15":1,"16":1,"17":1,"18":1,"20":1,"21":1,"22":1,"23":1,"24":1},"branchMap":{"0":{"type":"branch","line":5,"loc":{"start":{"line":5,"column":28},"end":{"line":25,"column":3}},"locations":[{"start":{"line":5,"column":28},"end":{"line":25,"column":3}}]},"1":{"type":"branch","line":6,"loc":{"start":{"line":6,"column":32},"end":{"line":9,"column":2}},"locations":[{"start":{"line":6,"column":32},"end":{"line":9,"column":2}}]},"2":{"type":"branch","line":11,"loc":{"start":{"line":11,"column":46},"end":{"line":14,"column":2}},"locations":[{"start":{"line":11,"column":46},"end":{"line":14,"column":2}}]},"3":{"type":"branch","line":16,"loc":{"start":{"line":16,"column":48},"end":{"line":19,"column":2}},"locations":[{"start":{"line":16,"column":48},"end":{"line":19,"column":2}}]},"4":{"type":"branch","line":21,"loc":{"start":{"line":21,"column":42},"end":{"line":24,"column":2}},"locations":[{"start":{"line":21,"column":42},"end":{"line":24,"column":2}}]}},"b":{"0":[1],"1":[1],"2":[1],"3":[1],"4":[1]},"fnMap":{},"f":{}}
,"W:\\projects\\lib\\src\\tests\\storeCreator.test.ts": {"path":"W:\\projects\\lib\\src\\tests\\storeCreator.test.ts","all":false,"statementMap":{"0":{"start":{"line":1,"column":0},"end":{"line":1,"column":62}},"1":{"start":{"line":2,"column":0},"end":{"line":2,"column":41}},"4":{"start":{"line":5,"column":0},"end":{"line":5,"column":19}},"5":{"start":{"line":6,"column":0},"end":{"line":6,"column":45}},"7":{"start":{"line":8,"column":0},"end":{"line":8,"column":39}},"8":{"start":{"line":9,"column":0},"end":{"line":9,"column":35}},"9":{"start":{"line":10,"column":0},"end":{"line":10,"column":3}},"11":{"start":{"line":12,"column":0},"end":{"line":12,"column":45}},"12":{"start":{"line":13,"column":0},"end":{"line":13,"column":28}},"13":{"start":{"line":14,"column":0},"end":{"line":14,"column":3}},"15":{"start":{"line":16,"column":0},"end":{"line":16,"column":17}},"16":{"start":{"line":17,"column":0},"end":{"line":17,"column":20}},"17":{"start":{"line":18,"column":0},"end":{"line":18,"column":3}},"19":{"start":{"line":20,"column":0},"end":{"line":20,"column":33}},"20":{"start":{"line":21,"column":0},"end":{"line":21,"column":27}},"21":{"start":{"line":22,"column":0},"end":{"line":22,"column":3}},"22":{"start":{"line":23,"column":0},"end":{"line":23,"column":1}},"24":{"start":{"line":25,"column":0},"end":{"line":25,"column":43}},"25":{"start":{"line":26,"column":0},"end":{"line":26,"column":45}},"27":{"start":{"line":28,"column":0},"end":{"line":28,"column":75}},"28":{"start":{"line":29,"column":0},"end":{"line":29,"column":79}},"30":{"start":{"line":31,"column":0},"end":{"line":31,"column":31}},"31":{"start":{"line":32,"column":0},"end":{"line":32,"column":20}},"32":{"start":{"line":33,"column":0},"end":{"line":33,"column":29}},"33":{"start":{"line":34,"column":0},"end":{"line":34,"column":31}},"34":{"start":{"line":35,"column":0},"end":{"line":35,"column":5}},"36":{"start":{"line":37,"column":0},"end":{"line":37,"column":56}},"37":{"start":{"line":38,"column":0},"end":{"line":38,"column":44}},"39":{"start":{"line":40,"column":0},"end":{"line":40,"column":39}},"40":{"start":{"line":41,"column":0},"end":{"line":41,"column":5}},"42":{"start":{"line":43,"column":0},"end":{"line":43,"column":46}},"43":{"start":{"line":44,"column":0},"end":{"line":44,"column":44}},"44":{"start":{"line":45,"column":0},"end":{"line":45,"column":31}},"46":{"start":{"line":47,"column":0},"end":{"line":47,"column":41}},"47":{"start":{"line":48,"column":0},"end":{"line":48,"column":26}},"49":{"start":{"line":50,"column":0},"end":{"line":50,"column":39}},"50":{"start":{"line":51,"column":0},"end":{"line":51,"column":47}},"51":{"start":{"line":52,"column":0},"end":{"line":52,"column":5}},"53":{"start":{"line":54,"column":0},"end":{"line":54,"column":54}},"54":{"start":{"line":55,"column":0},"end":{"line":55,"column":44}},"56":{"start":{"line":57,"column":0},"end":{"line":57,"column":44}},"58":{"start":{"line":59,"column":0},"end":{"line":59,"column":40}},"59":{"start":{"line":60,"column":0},"end":{"line":60,"column":5}},"61":{"start":{"line":62,"column":0},"end":{"line":62,"column":52}},"62":{"start":{"line":63,"column":0},"end":{"line":63,"column":28}},"63":{"start":{"line":64,"column":0},"end":{"line":64,"column":30}},"64":{"start":{"line":65,"column":0},"end":{"line":65,"column":19}},"65":{"start":{"line":66,"column":0},"end":{"line":66,"column":42}},"66":{"start":{"line":67,"column":0},"end":{"line":67,"column":6}},"68":{"start":{"line":69,"column":0},"end":{"line":69,"column":27}},"70":{"start":{"line":71,"column":0},"end":{"line":71,"column":69}},"71":{"start":{"line":72,"column":0},"end":{"line":72,"column":38}},"72":{"start":{"line":73,"column":0},"end":{"line":73,"column":5}},"74":{"start":{"line":75,"column":0},"end":{"line":75,"column":54}},"75":{"start":{"line":76,"column":0},"end":{"line":76,"column":28}},"76":{"start":{"line":77,"column":0},"end":{"line":77,"column":61}},"78":{"start":{"line":79,"column":0},"end":{"line":79,"column":30}},"79":{"start":{"line":80,"column":0},"end":{"line":80,"column":19}},"80":{"start":{"line":81,"column":0},"end":{"line":81,"column":42}},"81":{"start":{"line":82,"column":0},"end":{"line":82,"column":6}},"83":{"start":{"line":84,"column":0},"end":{"line":84,"column":40}},"84":{"start":{"line":85,"column":0},"end":{"line":85,"column":5}},"86":{"start":{"line":87,"column":0},"end":{"line":87,"column":54}},"87":{"start":{"line":88,"column":0},"end":{"line":88,"column":35}},"88":{"start":{"line":89,"column":0},"end":{"line":89,"column":30}},"89":{"start":{"line":90,"column":0},"end":{"line":90,"column":19}},"90":{"start":{"line":91,"column":0},"end":{"line":91,"column":44}},"91":{"start":{"line":92,"column":0},"end":{"line":92,"column":6}},"93":{"start":{"line":94,"column":0},"end":{"line":94,"column":27}},"95":{"start":{"line":96,"column":0},"end":{"line":96,"column":71}},"96":{"start":{"line":97,"column":0},"end":{"line":97,"column":38}},"97":{"start":{"line":98,"column":0},"end":{"line":98,"column":5}},"99":{"start":{"line":100,"column":0},"end":{"line":100,"column":56}},"100":{"start":{"line":101,"column":0},"end":{"line":101,"column":35}},"101":{"start":{"line":102,"column":0},"end":{"line":102,"column":63}},"103":{"start":{"line":104,"column":0},"end":{"line":104,"column":30}},"104":{"start":{"line":105,"column":0},"end":{"line":105,"column":19}},"105":{"start":{"line":106,"column":0},"end":{"line":106,"column":44}},"106":{"start":{"line":107,"column":0},"end":{"line":107,"column":6}},"108":{"start":{"line":109,"column":0},"end":{"line":109,"column":40}},"109":{"start":{"line":110,"column":0},"end":{"line":110,"column":5}},"111":{"start":{"line":112,"column":0},"end":{"line":112,"column":76}},"112":{"start":{"line":113,"column":0},"end":{"line":113,"column":44}},"113":{"start":{"line":114,"column":0},"end":{"line":114,"column":31}},"115":{"start":{"line":116,"column":0},"end":{"line":116,"column":41}},"117":{"start":{"line":118,"column":0},"end":{"line":118,"column":47}},"118":{"start":{"line":119,"column":0},"end":{"line":119,"column":5}},"119":{"start":{"line":120,"column":0},"end":{"line":120,"column":3}}},"s":{"0":1,"1":1,"4":1,"5":2,"7":2,"8":6,"9":6,"11":2,"12":8,"13":8,"15":2,"16":16,"17":16,"19":2,"20":0,"21":0,"22":2,"24":1,"25":1,"27":1,"28":1,"30":1,"31":1,"32":8,"33":8,"34":1,"36":1,"37":1,"39":1,"40":1,"42":1,"43":1,"44":1,"46":1,"47":1,"49":1,"50":1,"51":1,"53":1,"54":1,"56":1,"58":1,"59":1,"61":1,"62":1,"63":1,"64":1,"65":1,"66":1,"68":1,"70":1,"71":1,"72":1,"74":1,"75":1,"76":1,"78":1,"79":1,"80":1,"81":1,"83":1,"84":1,"86":1,"87":1,"88":1,"89":1,"90":1,"91":1,"93":1,"95":1,"96":1,"97":1,"99":1,"100":1,"101":1,"103":1,"104":1,"105":1,"106":1,"108":1,"109":1,"111":1,"112":1,"113":1,"115":1,"117":1,"118":1,"119":1},"branchMap":{"0":{"type":"branch","line":5,"loc":{"start":{"line":5,"column":18},"end":{"line":23,"column":1}},"locations":[{"start":{"line":5,"column":18},"end":{"line":23,"column":1}}]},"1":{"type":"branch","line":8,"loc":{"start":{"line":8,"column":2},"end":{"line":10,"column":3}},"locations":[{"start":{"line":8,"column":2},"end":{"line":10,"column":3}}]},"2":{"type":"branch","line":9,"loc":{"start":{"line":9,"column":25},"end":{"line":9,"column":35}},"locations":[{"start":{"line":9,"column":25},"end":{"line":9,"column":35}}]},"3":{"type":"branch","line":12,"loc":{"start":{"line":12,"column":2},"end":{"line":14,"column":3}},"locations":[{"start":{"line":12,"column":2},"end":{"line":14,"column":3}}]},"4":{"type":"branch","line":16,"loc":{"start":{"line":16,"column":2},"end":{"line":18,"column":3}},"locations":[{"start":{"line":16,"column":2},"end":{"line":18,"column":3}}]},"5":{"type":"branch","line":31,"loc":{"start":{"line":31,"column":24},"end":{"line":120,"column":3}},"locations":[{"start":{"line":31,"column":24},"end":{"line":120,"column":3}}]},"6":{"type":"branch","line":32,"loc":{"start":{"line":32,"column":13},"end":{"line":35,"column":3}},"locations":[{"start":{"line":32,"column":13},"end":{"line":35,"column":3}}]},"7":{"type":"branch","line":37,"loc":{"start":{"line":37,"column":49},"end":{"line":41,"column":3}},"locations":[{"start":{"line":37,"column":49},"end":{"line":41,"column":3}}]},"8":{"type":"branch","line":43,"loc":{"start":{"line":43,"column":39},"end":{"line":52,"column":3}},"locations":[{"start":{"line":43,"column":39},"end":{"line":52,"column":3}}]},"9":{"type":"branch","line":54,"loc":{"start":{"line":54,"column":47},"end":{"line":60,"column":3}},"locations":[{"start":{"line":54,"column":47},"end":{"line":60,"column":3}}]},"10":{"type":"branch","line":57,"loc":{"start":{"line":57,"column":23},"end":{"line":57,"column":42}},"locations":[{"start":{"line":57,"column":23},"end":{"line":57,"column":42}}]},"11":{"type":"branch","line":62,"loc":{"start":{"line":62,"column":45},"end":{"line":73,"column":3}},"locations":[{"start":{"line":62,"column":45},"end":{"line":73,"column":3}}]},"12":{"type":"branch","line":71,"loc":{"start":{"line":71,"column":58},"end":{"line":71,"column":67}},"locations":[{"start":{"line":71,"column":58},"end":{"line":71,"column":67}}]},"13":{"type":"branch","line":75,"loc":{"start":{"line":75,"column":47},"end":{"line":85,"column":3}},"locations":[{"start":{"line":75,"column":47},"end":{"line":85,"column":3}}]},"14":{"type":"branch","line":87,"loc":{"start":{"line":87,"column":47},"end":{"line":98,"column":3}},"locations":[{"start":{"line":87,"column":47},"end":{"line":98,"column":3}}]},"15":{"type":"branch","line":96,"loc":{"start":{"line":96,"column":60},"end":{"line":96,"column":69}},"locations":[{"start":{"line":96,"column":60},"end":{"line":96,"column":69}}]},"16":{"type":"branch","line":100,"loc":{"start":{"line":100,"column":49},"end":{"line":110,"column":3}},"locations":[{"start":{"line":100,"column":49},"end":{"line":110,"column":3}}]},"17":{"type":"branch","line":112,"loc":{"start":{"line":112,"column":69},"end":{"line":119,"column":3}},"locations":[{"start":{"line":112,"column":69},"end":{"line":119,"column":3}}]}},"b":{"0":[2],"1":[6],"2":[2],"3":[8],"4":[16],"5":[1],"6":[8],"7":[1],"8":[1],"9":[1],"10":[1],"11":[1],"12":[0],"13":[1],"14":[1],"15":[0],"16":[1],"17":[1]},"fnMap":{"0":{"name":"<instance_members_initializer>","decl":{"start":{"line":5,"column":18},"end":{"line":23,"column":1}},"loc":{"start":{"line":5,"column":18},"end":{"line":23,"column":1}},"line":5},"1":{"name":"getItem","decl":{"start":{"line":8,"column":2},"end":{"line":10,"column":3}},"loc":{"start":{"line":8,"column":2},"end":{"line":10,"column":3}},"line":8},"2":{"name":"setItem","decl":{"start":{"line":12,"column":2},"end":{"line":14,"column":3}},"loc":{"start":{"line":12,"column":2},"end":{"line":14,"column":3}},"line":12},"3":{"name":"clear","decl":{"start":{"line":16,"column":2},"end":{"line":18,"column":3}},"loc":{"start":{"line":16,"column":2},"end":{"line":18,"column":3}},"line":16},"4":{"name":"removeItem","decl":{"start":{"line":20,"column":2},"end":{"line":22,"column":3}},"loc":{"start":{"line":20,"column":2},"end":{"line":22,"column":3}},"line":20}},"f":{"0":2,"1":6,"2":8,"3":16,"4":0}}
,"W:\\projects\\lib\\src\\tests\\utils.test.ts": {"path":"W:\\projects\\lib\\src\\tests\\utils.test.ts","all":false,"statementMap":{"0":{"start":{"line":1,"column":0},"end":{"line":1,"column":46}},"2":{"start":{"line":3,"column":0},"end":{"line":3,"column":51}},"4":{"start":{"line":5,"column":0},"end":{"line":5,"column":35}},"5":{"start":{"line":6,"column":0},"end":{"line":6,"column":53}},"6":{"start":{"line":7,"column":0},"end":{"line":7,"column":47}},"7":{"start":{"line":8,"column":0},"end":{"line":8,"column":40}},"9":{"start":{"line":10,"column":0},"end":{"line":10,"column":32}},"10":{"start":{"line":11,"column":0},"end":{"line":11,"column":39}},"11":{"start":{"line":12,"column":0},"end":{"line":12,"column":57}},"12":{"start":{"line":13,"column":0},"end":{"line":13,"column":45}},"13":{"start":{"line":14,"column":0},"end":{"line":14,"column":4}},"15":{"start":{"line":16,"column":0},"end":{"line":16,"column":50}},"16":{"start":{"line":17,"column":0},"end":{"line":17,"column":30}},"17":{"start":{"line":18,"column":0},"end":{"line":18,"column":40}},"19":{"start":{"line":20,"column":0},"end":{"line":20,"column":29}},"20":{"start":{"line":21,"column":0},"end":{"line":21,"column":4}},"22":{"start":{"line":23,"column":0},"end":{"line":23,"column":55}},"23":{"start":{"line":24,"column":0},"end":{"line":24,"column":35}},"24":{"start":{"line":25,"column":0},"end":{"line":25,"column":48}},"26":{"start":{"line":27,"column":0},"end":{"line":27,"column":40}},"27":{"start":{"line":28,"column":0},"end":{"line":28,"column":4}},"28":{"start":{"line":29,"column":0},"end":{"line":29,"column":3}}},"s":{"0":1,"2":1,"4":1,"5":1,"6":1,"7":1,"9":1,"10":1,"11":1,"12":1,"13":1,"15":1,"16":1,"17":1,"19":1,"20":1,"22":1,"23":1,"24":1,"26":1,"27":1,"28":1},"branchMap":{"0":{"type":"branch","line":5,"loc":{"start":{"line":5,"column":28},"end":{"line":29,"column":3}},"locations":[{"start":{"line":5,"column":28},"end":{"line":29,"column":3}}]},"1":{"type":"branch","line":6,"loc":{"start":{"line":6,"column":46},"end":{"line":14,"column":2}},"locations":[{"start":{"line":6,"column":46},"end":{"line":14,"column":2}}]},"2":{"type":"branch","line":16,"loc":{"start":{"line":16,"column":43},"end":{"line":21,"column":2}},"locations":[{"start":{"line":16,"column":43},"end":{"line":21,"column":2}}]},"3":{"type":"branch","line":23,"loc":{"start":{"line":23,"column":48},"end":{"line":28,"column":2}},"locations":[{"start":{"line":23,"column":48},"end":{"line":28,"column":2}}]}},"b":{"0":[1],"1":[1],"2":[1],"3":[1]},"fnMap":{},"f":{}}
}
